{"/home/travis/build/npmtest/node-npmtest-hyperlog/test.js":{"path":"/home/travis/build/npmtest/node-npmtest-hyperlog/test.js","s":{"1":2,"2":2,"3":2,"4":2,"5":2,"6":2,"7":2,"8":1,"9":2,"10":2,"11":1,"12":1,"13":1,"14":1,"15":2,"16":2,"17":2,"18":2,"19":1,"20":1,"21":2,"22":2,"23":2,"24":1,"25":1,"26":1,"27":1,"28":1,"29":1,"30":1,"31":1,"32":1,"33":1,"34":1,"35":1,"36":1,"37":1,"38":1,"39":2,"40":2,"41":1,"42":2,"43":2,"44":1,"45":2,"46":2,"47":1,"48":2,"49":2,"50":1,"51":1,"52":1,"53":1,"54":1},"b":{"1":[2,1,1,1],"2":[1,1,1,1],"3":[1,1],"4":[1,1],"5":[1,1],"6":[1,1],"7":[1,1],"8":[1,1],"9":[1,1],"10":[1,1,1],"11":[1,1],"12":[1,1],"13":[1,1],"14":[1,1],"15":[1,1],"16":[1,1],"17":[1,1]},"f":{"1":2,"2":2,"3":2,"4":2,"5":2,"6":1,"7":1,"8":1,"9":2,"10":2,"11":2,"12":2,"13":1},"fnMap":{"1":{"name":"(anonymous_1)","line":12,"loc":{"start":{"line":12,"column":1},"end":{"line":12,"column":13}}},"2":{"name":"(anonymous_2)","line":19,"loc":{"start":{"line":19,"column":5},"end":{"line":19,"column":17}}},"3":{"name":"(anonymous_3)","line":23,"loc":{"start":{"line":23,"column":24},"end":{"line":23,"column":36}}},"4":{"name":"(anonymous_4)","line":61,"loc":{"start":{"line":61,"column":5},"end":{"line":61,"column":17}}},"5":{"name":"(anonymous_5)","line":82,"loc":{"start":{"line":82,"column":5},"end":{"line":82,"column":17}}},"6":{"name":"(anonymous_6)","line":91,"loc":{"start":{"line":91,"column":77},"end":{"line":94,"column":10}}},"7":{"name":"(anonymous_7)","line":112,"loc":{"start":{"line":112,"column":83},"end":{"line":115,"column":10}},"skip":true},"8":{"name":"(anonymous_8)","line":123,"loc":{"start":{"line":123,"column":77},"end":{"line":126,"column":10}},"skip":true},"9":{"name":"(anonymous_9)","line":139,"loc":{"start":{"line":139,"column":12},"end":{"line":139,"column":40}},"skip":true},"10":{"name":"(anonymous_10)","line":147,"loc":{"start":{"line":147,"column":77},"end":{"line":150,"column":10}},"skip":true},"11":{"name":"(anonymous_11)","line":158,"loc":{"start":{"line":158,"column":83},"end":{"line":161,"column":10}},"skip":true},"12":{"name":"(anonymous_12)","line":169,"loc":{"start":{"line":169,"column":79},"end":{"line":172,"column":10}},"skip":true},"13":{"name":"(anonymous_13)","line":180,"loc":{"start":{"line":180,"column":75},"end":{"line":183,"column":10}},"skip":true}},"statementMap":{"1":{"start":{"line":12,"column":0},"end":{"line":195,"column":5}},"2":{"start":{"line":14,"column":4},"end":{"line":14,"column":14}},"3":{"start":{"line":19,"column":4},"end":{"line":56,"column":9}},"4":{"start":{"line":21,"column":8},"end":{"line":21,"column":19}},"5":{"start":{"line":23,"column":8},"end":{"line":35,"column":13}},"6":{"start":{"line":24,"column":12},"end":{"line":34,"column":13}},"7":{"start":{"line":25,"column":16},"end":{"line":28,"column":30}},"8":{"start":{"line":30,"column":16},"end":{"line":33,"column":27}},"9":{"start":{"line":37,"column":8},"end":{"line":39,"column":21}},"10":{"start":{"line":40,"column":8},"end":{"line":53,"column":9}},"11":{"start":{"line":43,"column":12},"end":{"line":46,"column":14}},"12":{"start":{"line":47,"column":12},"end":{"line":47,"column":18}},"13":{"start":{"line":50,"column":12},"end":{"line":51,"column":46}},"14":{"start":{"line":52,"column":12},"end":{"line":52,"column":18}},"15":{"start":{"line":55,"column":8},"end":{"line":55,"column":35}},"16":{"start":{"line":61,"column":4},"end":{"line":63,"column":9}},"17":{"start":{"line":62,"column":8},"end":{"line":62,"column":15}},"18":{"start":{"line":64,"column":4},"end":{"line":77,"column":5}},"19":{"start":{"line":70,"column":8},"end":{"line":70,"column":14}},"20":{"start":{"line":76,"column":8},"end":{"line":76,"column":14}},"21":{"start":{"line":82,"column":4},"end":{"line":84,"column":9}},"22":{"start":{"line":83,"column":8},"end":{"line":83,"column":15}},"23":{"start":{"line":85,"column":4},"end":{"line":194,"column":5}},"24":{"start":{"line":91,"column":8},"end":{"line":99,"column":10}},"25":{"start":{"line":98,"column":12},"end":{"line":98,"column":35}},"26":{"start":{"line":102,"column":8},"end":{"line":104,"column":63}},"27":{"start":{"line":105,"column":8},"end":{"line":105,"column":14}},"28":{"start":{"line":112,"column":8},"end":{"line":121,"column":10},"skip":true},"29":{"start":{"line":119,"column":12},"end":{"line":119,"column":55},"skip":true},"30":{"start":{"line":120,"column":12},"end":{"line":120,"column":48},"skip":true},"31":{"start":{"line":123,"column":8},"end":{"line":136,"column":10},"skip":true},"32":{"start":{"line":130,"column":12},"end":{"line":130,"column":76},"skip":true},"33":{"start":{"line":131,"column":12},"end":{"line":131,"column":73},"skip":true},"34":{"start":{"line":132,"column":12},"end":{"line":132,"column":74},"skip":true},"35":{"start":{"line":133,"column":12},"end":{"line":133,"column":79},"skip":true},"36":{"start":{"line":134,"column":12},"end":{"line":134,"column":25},"skip":true},"37":{"start":{"line":135,"column":12},"end":{"line":135,"column":45},"skip":true},"38":{"start":{"line":138,"column":8},"end":{"line":145,"column":14},"skip":true},"39":{"start":{"line":143,"column":16},"end":{"line":143,"column":29},"skip":true},"40":{"start":{"line":144,"column":16},"end":{"line":144,"column":55},"skip":true},"41":{"start":{"line":147,"column":8},"end":{"line":156,"column":10},"skip":true},"42":{"start":{"line":154,"column":12},"end":{"line":154,"column":25},"skip":true},"43":{"start":{"line":155,"column":12},"end":{"line":155,"column":45},"skip":true},"44":{"start":{"line":158,"column":8},"end":{"line":167,"column":10},"skip":true},"45":{"start":{"line":165,"column":12},"end":{"line":165,"column":25},"skip":true},"46":{"start":{"line":166,"column":12},"end":{"line":166,"column":48},"skip":true},"47":{"start":{"line":169,"column":8},"end":{"line":178,"column":10},"skip":true},"48":{"start":{"line":176,"column":12},"end":{"line":176,"column":25},"skip":true},"49":{"start":{"line":177,"column":12},"end":{"line":177,"column":46},"skip":true},"50":{"start":{"line":180,"column":8},"end":{"line":189,"column":10},"skip":true},"51":{"start":{"line":187,"column":12},"end":{"line":187,"column":94},"skip":true},"52":{"start":{"line":188,"column":12},"end":{"line":188,"column":48},"skip":true},"53":{"start":{"line":192,"column":8},"end":{"line":192,"column":35},"skip":true},"54":{"start":{"line":193,"column":8},"end":{"line":193,"column":14},"skip":true}},"branchMap":{"1":{"line":25,"type":"binary-expr","locations":[{"start":{"line":25,"column":23},"end":{"line":25,"column":62}},{"start":{"line":26,"column":20},"end":{"line":26,"column":70}},{"start":{"line":27,"column":20},"end":{"line":27,"column":71}},{"start":{"line":28,"column":20},"end":{"line":28,"column":29}}]},"2":{"line":30,"type":"binary-expr","locations":[{"start":{"line":30,"column":23},"end":{"line":30,"column":37}},{"start":{"line":31,"column":20},"end":{"line":31,"column":61}},{"start":{"line":32,"column":20},"end":{"line":32,"column":70}},{"start":{"line":33,"column":20},"end":{"line":33,"column":26}}]},"3":{"line":37,"type":"cond-expr","locations":[{"start":{"line":38,"column":14},"end":{"line":38,"column":20}},{"start":{"line":39,"column":14},"end":{"line":39,"column":20}}]},"4":{"line":40,"type":"switch","locations":[{"start":{"line":42,"column":8},"end":{"line":47,"column":18}},{"start":{"line":49,"column":8},"end":{"line":52,"column":18}}]},"5":{"line":44,"type":"binary-expr","locations":[{"start":{"line":44,"column":16},"end":{"line":44,"column":44}},{"start":{"line":44,"column":48},"end":{"line":44,"column":66}}]},"6":{"line":50,"type":"binary-expr","locations":[{"start":{"line":50,"column":21},"end":{"line":50,"column":49}},{"start":{"line":50,"column":53},"end":{"line":50,"column":72}}]},"7":{"line":64,"type":"switch","locations":[{"start":{"line":69,"column":4},"end":{"line":70,"column":14}},{"start":{"line":75,"column":4},"end":{"line":76,"column":14}}]},"8":{"line":85,"type":"switch","locations":[{"start":{"line":90,"column":4},"end":{"line":105,"column":14}},{"start":{"line":111,"column":4},"end":{"line":193,"column":14},"skip":true}]},"9":{"line":91,"type":"binary-expr","locations":[{"start":{"line":91,"column":42},"end":{"line":91,"column":73}},{"start":{"line":91,"column":77},"end":{"line":99,"column":9}}]},"10":{"line":102,"type":"binary-expr","locations":[{"start":{"line":102,"column":18},"end":{"line":102,"column":32}},{"start":{"line":103,"column":12},"end":{"line":103,"column":53}},{"start":{"line":104,"column":12},"end":{"line":104,"column":61}}]},"11":{"line":112,"type":"binary-expr","locations":[{"start":{"line":112,"column":45},"end":{"line":112,"column":79},"skip":true},{"start":{"line":112,"column":83},"end":{"line":121,"column":9},"skip":true}]},"12":{"line":123,"type":"binary-expr","locations":[{"start":{"line":123,"column":42},"end":{"line":123,"column":73},"skip":true},{"start":{"line":123,"column":77},"end":{"line":136,"column":9},"skip":true}]},"13":{"line":138,"type":"binary-expr","locations":[{"start":{"line":138,"column":48},"end":{"line":138,"column":85},"skip":true},{"start":{"line":139,"column":12},"end":{"line":145,"column":13},"skip":true}]},"14":{"line":147,"type":"binary-expr","locations":[{"start":{"line":147,"column":42},"end":{"line":147,"column":73},"skip":true},{"start":{"line":147,"column":77},"end":{"line":156,"column":9},"skip":true}]},"15":{"line":158,"type":"binary-expr","locations":[{"start":{"line":158,"column":45},"end":{"line":158,"column":79},"skip":true},{"start":{"line":158,"column":83},"end":{"line":167,"column":9},"skip":true}]},"16":{"line":169,"type":"binary-expr","locations":[{"start":{"line":169,"column":43},"end":{"line":169,"column":75},"skip":true},{"start":{"line":169,"column":79},"end":{"line":178,"column":9},"skip":true}]},"17":{"line":180,"type":"binary-expr","locations":[{"start":{"line":180,"column":41},"end":{"line":180,"column":71},"skip":true},{"start":{"line":180,"column":75},"end":{"line":189,"column":9},"skip":true}]}},"code":["/* istanbul instrument in package npmtest_hyperlog */","/*jslint","    bitwise: true,","    browser: true,","    maxerr: 8,","    maxlen: 96,","    node: true,","    nomen: true,","    regexp: true,","    stupid: true","*/","(function () {","    'use strict';","    var local;","","","","    // run shared js-env code - pre-init","    (function () {","        // init local","        local = {};","        // init modeJs","        local.modeJs = (function () {","            try {","                return typeof navigator.userAgent === 'string' &&","                    typeof document.querySelector('body') === 'object' &&","                    typeof XMLHttpRequest.prototype.open === 'function' &&","                    'browser';","            } catch (errorCaughtBrowser) {","                return module.exports &&","                    typeof process.versions.node === 'string' &&","                    typeof require('http').createServer === 'function' &&","                    'node';","            }","        }());","        // init global","        local.global = local.modeJs === 'browser'","            ? window","            : global;","        switch (local.modeJs) {","        // re-init local from window.local","        case 'browser':","            local = local.global.utility2.objectSetDefault(","                local.global.utility2_rollup || local.global.local,","                local.global.utility2","            );","            break;","        // re-init local from example.js","        case 'node':","            local = (local.global.utility2_rollup || require('utility2'))","                .requireExampleJsFromReadme();","            break;","        }","        // export local","        local.global.local = local;","    }());","","","","    // run shared js-env code - function","    (function () {","        return;","    }());","    switch (local.modeJs) {","","","","    // run browser js-env code - function","    case 'browser':","        break;","","","","    // run node js-env code - function","    case 'node':","        break;","    }","","","","    // run shared js-env code - post-init","    (function () {","        return;","    }());","    switch (local.modeJs) {","","","","    // run browser js-env code - post-init","    case 'browser':","        local.testCase_browser_nullCase = local.testCase_browser_nullCase || function (","            options,","            onError","        ) {","        /*","         * this function will test browsers's null-case handling-behavior-behavior","         */","            onError(null, options);","        };","","        // run tests","        local.nop(local.modeTest &&","            document.querySelector('#testRunButton1') &&","            document.querySelector('#testRunButton1').click());","        break;","","","","    // run node js-env code - post-init","    /* istanbul ignore next */","    case 'node':","        local.testCase_buildApidoc_default = local.testCase_buildApidoc_default || function (","            options,","            onError","        ) {","        /*","         * this function will test buildApidoc's default handling-behavior-behavior","         */","            options = { modulePathList: module.paths };","            local.buildApidoc(options, onError);","        };","","        local.testCase_buildApp_default = local.testCase_buildApp_default || function (","            options,","            onError","        ) {","        /*","         * this function will test buildApp's default handling-behavior-behavior","         */","            local.testCase_buildReadme_default(options, local.onErrorThrow);","            local.testCase_buildLib_default(options, local.onErrorThrow);","            local.testCase_buildTest_default(options, local.onErrorThrow);","            local.testCase_buildCustomOrg_default(options, local.onErrorThrow);","            options = [];","            local.buildApp(options, onError);","        };","","        local.testCase_buildCustomOrg_default = local.testCase_buildCustomOrg_default ||","            function (options, onError) {","            /*","             * this function will test buildCustomOrg's default handling-behavior","             */","                options = {};","                local.buildCustomOrg(options, onError);","            };","","        local.testCase_buildLib_default = local.testCase_buildLib_default || function (","            options,","            onError","        ) {","        /*","         * this function will test buildLib's default handling-behavior","         */","            options = {};","            local.buildLib(options, onError);","        };","","        local.testCase_buildReadme_default = local.testCase_buildReadme_default || function (","            options,","            onError","        ) {","        /*","         * this function will test buildReadme's default handling-behavior-behavior","         */","            options = {};","            local.buildReadme(options, onError);","        };","","        local.testCase_buildTest_default = local.testCase_buildTest_default || function (","            options,","            onError","        ) {","        /*","         * this function will test buildTest's default handling-behavior","         */","            options = {};","            local.buildTest(options, onError);","        };","","        local.testCase_webpage_default = local.testCase_webpage_default || function (","            options,","            onError","        ) {","        /*","         * this function will test webpage's default handling-behavior","         */","            options = { modeCoverageMerge: true, url: local.serverLocalHost + '?modeTest=1' };","            local.browserTest(options, onError);","        };","","        // run test-server","        local.testRunServer(local);","        break;","    }","}());",""],"l":{"12":2,"14":2,"19":2,"21":2,"23":2,"24":2,"25":2,"30":1,"37":2,"40":2,"43":1,"47":1,"50":1,"52":1,"55":2,"61":2,"62":2,"64":2,"70":1,"76":1,"82":2,"83":2,"85":2,"91":1,"98":1,"102":1,"105":1,"112":1,"119":1,"120":1,"123":1,"130":1,"131":1,"132":1,"133":1,"134":1,"135":1,"138":1,"143":2,"144":2,"147":1,"154":2,"155":2,"158":1,"165":2,"166":2,"169":1,"176":2,"177":2,"180":1,"187":1,"188":1,"192":1,"193":1}},"/home/travis/build/npmtest/node-npmtest-hyperlog/lib.npmtest_hyperlog.js":{"path":"/home/travis/build/npmtest/node-npmtest-hyperlog/lib.npmtest_hyperlog.js","s":{"1":2,"2":2,"3":2,"4":2,"5":2,"6":2,"7":2,"8":1,"9":2,"10":2,"11":2,"12":2,"13":1,"14":1,"15":1,"16":1},"b":{"1":[2,1,1,1],"2":[1,1,1,1],"3":[1,1],"4":[2,2],"5":[1,1]},"f":{"1":2,"2":2,"3":2},"fnMap":{"1":{"name":"(anonymous_1)","line":12,"loc":{"start":{"line":12,"column":1},"end":{"line":12,"column":13}}},"2":{"name":"(anonymous_2)","line":19,"loc":{"start":{"line":19,"column":5},"end":{"line":19,"column":17}}},"3":{"name":"(anonymous_3)","line":23,"loc":{"start":{"line":23,"column":24},"end":{"line":23,"column":36}}}},"statementMap":{"1":{"start":{"line":12,"column":0},"end":{"line":53,"column":5}},"2":{"start":{"line":14,"column":4},"end":{"line":14,"column":14}},"3":{"start":{"line":19,"column":4},"end":{"line":52,"column":9}},"4":{"start":{"line":21,"column":8},"end":{"line":21,"column":19}},"5":{"start":{"line":23,"column":8},"end":{"line":35,"column":13}},"6":{"start":{"line":24,"column":12},"end":{"line":34,"column":13}},"7":{"start":{"line":25,"column":16},"end":{"line":28,"column":30}},"8":{"start":{"line":30,"column":16},"end":{"line":33,"column":27}},"9":{"start":{"line":37,"column":8},"end":{"line":39,"column":21}},"10":{"start":{"line":41,"column":8},"end":{"line":41,"column":54}},"11":{"start":{"line":43,"column":8},"end":{"line":43,"column":53}},"12":{"start":{"line":45,"column":8},"end":{"line":51,"column":9}},"13":{"start":{"line":46,"column":12},"end":{"line":46,"column":59}},"14":{"start":{"line":48,"column":12},"end":{"line":48,"column":35}},"15":{"start":{"line":49,"column":12},"end":{"line":49,"column":49}},"16":{"start":{"line":50,"column":12},"end":{"line":50,"column":43}}},"branchMap":{"1":{"line":25,"type":"binary-expr","locations":[{"start":{"line":25,"column":23},"end":{"line":25,"column":62}},{"start":{"line":26,"column":20},"end":{"line":26,"column":70}},{"start":{"line":27,"column":20},"end":{"line":27,"column":71}},{"start":{"line":28,"column":20},"end":{"line":28,"column":29}}]},"2":{"line":30,"type":"binary-expr","locations":[{"start":{"line":30,"column":23},"end":{"line":30,"column":37}},{"start":{"line":31,"column":20},"end":{"line":31,"column":61}},{"start":{"line":32,"column":20},"end":{"line":32,"column":70}},{"start":{"line":33,"column":20},"end":{"line":33,"column":26}}]},"3":{"line":37,"type":"cond-expr","locations":[{"start":{"line":38,"column":14},"end":{"line":38,"column":20}},{"start":{"line":39,"column":14},"end":{"line":39,"column":20}}]},"4":{"line":41,"type":"binary-expr","locations":[{"start":{"line":41,"column":16},"end":{"line":41,"column":44}},{"start":{"line":41,"column":48},"end":{"line":41,"column":53}}]},"5":{"line":45,"type":"if","locations":[{"start":{"line":45,"column":8},"end":{"line":45,"column":8}},{"start":{"line":45,"column":8},"end":{"line":45,"column":8}}]}},"code":["/* istanbul instrument in package npmtest_hyperlog */","/*jslint","    bitwise: true,","    browser: true,","    maxerr: 8,","    maxlen: 96,","    node: true,","    nomen: true,","    regexp: true,","    stupid: true","*/","(function () {","    'use strict';","    var local;","","","","    // run shared js-env code - pre-init","    (function () {","        // init local","        local = {};","        // init modeJs","        local.modeJs = (function () {","            try {","                return typeof navigator.userAgent === 'string' &&","                    typeof document.querySelector('body') === 'object' &&","                    typeof XMLHttpRequest.prototype.open === 'function' &&","                    'browser';","            } catch (errorCaughtBrowser) {","                return module.exports &&","                    typeof process.versions.node === 'string' &&","                    typeof require('http').createServer === 'function' &&","                    'node';","            }","        }());","        // init global","        local.global = local.modeJs === 'browser'","            ? window","            : global;","        // init utility2_rollup","        local = local.global.utility2_rollup || local;","        // init lib","        local.local = local.npmtest_hyperlog = local;","        // init exports","        if (local.modeJs === 'browser') {","            local.global.utility2_npmtest_hyperlog = local;","        } else {","            module.exports = local;","            module.exports.__dirname = __dirname;","            module.exports.module = module;","        }","    }());","}());",""],"l":{"12":2,"14":2,"19":2,"21":2,"23":2,"24":2,"25":2,"30":1,"37":2,"41":2,"43":2,"45":2,"46":1,"48":1,"49":1,"50":1}},"/home/travis/build/npmtest/node-npmtest-hyperlog/example.js":{"path":"/home/travis/build/npmtest/node-npmtest-hyperlog/example.js","s":{"1":2,"2":2,"3":2,"4":2,"5":2,"6":2,"7":2,"8":1,"9":2,"10":2,"11":2,"12":2,"13":1,"14":2,"15":2,"16":2,"17":2,"18":2,"19":0,"20":2,"21":1,"22":1,"23":1,"24":1,"25":1,"26":0,"27":0,"28":1,"29":1,"30":2,"31":0,"32":0,"33":0,"34":1,"35":2,"36":2,"37":3,"38":3,"39":3,"40":3,"41":0,"42":3,"43":3,"44":3,"45":1,"46":3,"47":1,"48":1,"49":1,"50":1,"51":1,"52":1,"53":1,"54":1,"55":1,"56":1,"57":0,"58":1,"59":6,"60":6,"61":1,"62":2,"63":0,"64":2,"65":1,"66":1,"67":0,"68":0,"69":0,"70":0,"71":0,"72":0,"73":0,"74":0,"75":0,"76":0,"77":0,"78":0,"79":0,"80":0,"81":0,"82":0,"83":0},"b":{"1":[2,1,1,1],"2":[1,1,1,1],"3":[1,1],"4":[2,2],"5":[1,1],"6":[1,1],"7":[2,0],"8":[2,1,1,1,1,1],"9":[0,2,0],"10":[1,1],"11":[2,1,1],"12":[1,0],"13":[0,2],"14":[2,0,0,0,0,0,0],"15":[0,3],"16":[3,0],"17":[1,1],"18":[0,1],"19":[1,2,0,2],"20":[1,0],"21":[1,1],"22":[0,0],"23":[0,0],"24":[0,0],"25":[0,0],"26":[0,0],"27":[0,0],"28":[0,0]},"f":{"1":2,"2":2,"3":2,"4":2,"5":2,"6":2,"7":3,"8":3,"9":3,"10":1,"11":6,"12":0},"fnMap":{"1":{"name":"(anonymous_1)","line":26,"loc":{"start":{"line":26,"column":1},"end":{"line":26,"column":13}}},"2":{"name":"(anonymous_2)","line":33,"loc":{"start":{"line":33,"column":5},"end":{"line":33,"column":17}}},"3":{"name":"(anonymous_3)","line":37,"loc":{"start":{"line":37,"column":24},"end":{"line":37,"column":36}}},"4":{"name":"(anonymous_4)","line":69,"loc":{"start":{"line":69,"column":31},"end":{"line":69,"column":48}},"skip":true},"5":{"name":"(anonymous_5)","line":78,"loc":{"start":{"line":78,"column":26},"end":{"line":78,"column":45}},"skip":true},"6":{"name":"(anonymous_6)","line":123,"loc":{"start":{"line":123,"column":33},"end":{"line":123,"column":48}},"skip":true},"7":{"name":"(anonymous_7)","line":125,"loc":{"start":{"line":125,"column":27},"end":{"line":125,"column":39}},"skip":true},"8":{"name":"(anonymous_8)","line":133,"loc":{"start":{"line":133,"column":59},"end":{"line":133,"column":74}},"skip":true},"9":{"name":"(anonymous_9)","line":143,"loc":{"start":{"line":143,"column":45},"end":{"line":143,"column":62}},"skip":true},"10":{"name":"(anonymous_10)","line":144,"loc":{"start":{"line":144,"column":73},"end":{"line":144,"column":92}},"skip":true},"11":{"name":"(anonymous_11)","line":272,"loc":{"start":{"line":272,"column":51},"end":{"line":272,"column":77}},"skip":true},"12":{"name":"(anonymous_12)","line":315,"loc":{"start":{"line":315,"column":32},"end":{"line":315,"column":61}},"skip":true}},"statementMap":{"1":{"start":{"line":26,"column":0},"end":{"line":326,"column":5}},"2":{"start":{"line":28,"column":4},"end":{"line":28,"column":14}},"3":{"start":{"line":33,"column":4},"end":{"line":60,"column":9}},"4":{"start":{"line":35,"column":8},"end":{"line":35,"column":19}},"5":{"start":{"line":37,"column":8},"end":{"line":49,"column":13}},"6":{"start":{"line":38,"column":12},"end":{"line":48,"column":13}},"7":{"start":{"line":39,"column":16},"end":{"line":42,"column":30}},"8":{"start":{"line":44,"column":16},"end":{"line":47,"column":27}},"9":{"start":{"line":51,"column":8},"end":{"line":53,"column":21}},"10":{"start":{"line":55,"column":8},"end":{"line":57,"column":45}},"11":{"start":{"line":59,"column":8},"end":{"line":59,"column":35}},"12":{"start":{"line":61,"column":4},"end":{"line":325,"column":5}},"13":{"start":{"line":69,"column":8},"end":{"line":121,"column":10},"skip":true},"14":{"start":{"line":70,"column":12},"end":{"line":88,"column":13},"skip":true},"15":{"start":{"line":76,"column":16},"end":{"line":87,"column":19},"skip":true},"16":{"start":{"line":79,"column":20},"end":{"line":86,"column":21},"skip":true},"17":{"start":{"line":82,"column":24},"end":{"line":82,"column":43},"skip":true},"18":{"start":{"line":83,"column":24},"end":{"line":83,"column":30},"skip":true},"19":{"start":{"line":85,"column":24},"end":{"line":85,"column":49},"skip":true},"20":{"start":{"line":89,"column":12},"end":{"line":107,"column":13},"skip":true},"21":{"start":{"line":92,"column":16},"end":{"line":102,"column":17},"skip":true},"22":{"start":{"line":93,"column":20},"end":{"line":93,"column":86},"skip":true},"23":{"start":{"line":94,"column":20},"end":{"line":95,"column":45},"skip":true},"24":{"start":{"line":96,"column":20},"end":{"line":96,"column":42},"skip":true},"25":{"start":{"line":97,"column":20},"end":{"line":97,"column":48},"skip":true},"26":{"start":{"line":100,"column":20},"end":{"line":100,"column":85},"skip":true},"27":{"start":{"line":101,"column":20},"end":{"line":101,"column":96},"skip":true},"28":{"start":{"line":103,"column":16},"end":{"line":103,"column":22},"skip":true},"29":{"start":{"line":106,"column":16},"end":{"line":106,"column":22},"skip":true},"30":{"start":{"line":108,"column":12},"end":{"line":120,"column":13},"skip":true},"31":{"start":{"line":114,"column":16},"end":{"line":119,"column":17},"skip":true},"32":{"start":{"line":116,"column":20},"end":{"line":116,"column":78},"skip":true},"33":{"start":{"line":118,"column":20},"end":{"line":118,"column":47},"skip":true},"34":{"start":{"line":123,"column":8},"end":{"line":141,"column":11},"skip":true},"35":{"start":{"line":124,"column":12},"end":{"line":124,"column":54},"skip":true},"36":{"start":{"line":125,"column":12},"end":{"line":140,"column":14},"skip":true},"37":{"start":{"line":126,"column":16},"end":{"line":126,"column":28},"skip":true},"38":{"start":{"line":127,"column":16},"end":{"line":127,"column":69},"skip":true},"39":{"start":{"line":128,"column":16},"end":{"line":128,"column":75},"skip":true},"40":{"start":{"line":129,"column":16},"end":{"line":131,"column":17},"skip":true},"41":{"start":{"line":130,"column":20},"end":{"line":130,"column":27},"skip":true},"42":{"start":{"line":133,"column":16},"end":{"line":137,"column":36},"skip":true},"43":{"start":{"line":134,"column":20},"end":{"line":136,"column":55},"skip":true},"44":{"start":{"line":139,"column":16},"end":{"line":139,"column":57},"skip":true},"45":{"start":{"line":143,"column":8},"end":{"line":147,"column":11},"skip":true},"46":{"start":{"line":144,"column":12},"end":{"line":146,"column":15},"skip":true},"47":{"start":{"line":145,"column":16},"end":{"line":145,"column":70},"skip":true},"48":{"start":{"line":149,"column":8},"end":{"line":149,"column":31},"skip":true},"49":{"start":{"line":150,"column":8},"end":{"line":150,"column":14},"skip":true},"50":{"start":{"line":158,"column":8},"end":{"line":158,"column":31},"skip":true},"51":{"start":{"line":160,"column":8},"end":{"line":160,"column":33},"skip":true},"52":{"start":{"line":161,"column":8},"end":{"line":161,"column":37},"skip":true},"53":{"start":{"line":162,"column":8},"end":{"line":162,"column":35},"skip":true},"54":{"start":{"line":164,"column":8},"end":{"line":164,"column":50},"skip":true},"55":{"start":{"line":166,"column":8},"end":{"line":256,"column":2},"skip":true},"56":{"start":{"line":258,"column":8},"end":{"line":286,"column":9},"skip":true},"57":{"start":{"line":259,"column":12},"end":{"line":269,"column":14},"skip":true},"58":{"start":{"line":271,"column":12},"end":{"line":285,"column":19},"skip":true},"59":{"start":{"line":274,"column":20},"end":{"line":274,"column":35},"skip":true},"60":{"start":{"line":275,"column":20},"end":{"line":284,"column":21},"skip":true},"61":{"start":{"line":277,"column":24},"end":{"line":277,"column":64},"skip":true},"62":{"start":{"line":279,"column":24},"end":{"line":279,"column":40},"skip":true},"63":{"start":{"line":281,"column":24},"end":{"line":281,"column":40},"skip":true},"64":{"start":{"line":283,"column":24},"end":{"line":283,"column":39},"skip":true},"65":{"start":{"line":288,"column":8},"end":{"line":290,"column":9},"skip":true},"66":{"start":{"line":289,"column":12},"end":{"line":289,"column":18},"skip":true},"67":{"start":{"line":291,"column":8},"end":{"line":293,"column":54},"skip":true},"68":{"start":{"line":296,"column":8},"end":{"line":301,"column":37},"skip":true},"69":{"start":{"line":303,"column":8},"end":{"line":303,"column":82},"skip":true},"70":{"start":{"line":306,"column":8},"end":{"line":308,"column":9},"skip":true},"71":{"start":{"line":307,"column":12},"end":{"line":307,"column":82},"skip":true},"72":{"start":{"line":310,"column":8},"end":{"line":312,"column":9},"skip":true},"73":{"start":{"line":311,"column":12},"end":{"line":311,"column":18},"skip":true},"74":{"start":{"line":313,"column":8},"end":{"line":313,"column":54},"skip":true},"75":{"start":{"line":314,"column":8},"end":{"line":314,"column":69},"skip":true},"76":{"start":{"line":315,"column":8},"end":{"line":323,"column":36},"skip":true},"77":{"start":{"line":316,"column":12},"end":{"line":316,"column":61},"skip":true},"78":{"start":{"line":317,"column":12},"end":{"line":320,"column":13},"skip":true},"79":{"start":{"line":318,"column":16},"end":{"line":318,"column":75},"skip":true},"80":{"start":{"line":319,"column":16},"end":{"line":319,"column":23},"skip":true},"81":{"start":{"line":321,"column":12},"end":{"line":321,"column":38},"skip":true},"82":{"start":{"line":322,"column":12},"end":{"line":322,"column":27},"skip":true},"83":{"start":{"line":324,"column":8},"end":{"line":324,"column":14},"skip":true}},"branchMap":{"1":{"line":39,"type":"binary-expr","locations":[{"start":{"line":39,"column":23},"end":{"line":39,"column":62}},{"start":{"line":40,"column":20},"end":{"line":40,"column":70}},{"start":{"line":41,"column":20},"end":{"line":41,"column":71}},{"start":{"line":42,"column":20},"end":{"line":42,"column":29}}]},"2":{"line":44,"type":"binary-expr","locations":[{"start":{"line":44,"column":23},"end":{"line":44,"column":37}},{"start":{"line":45,"column":20},"end":{"line":45,"column":61}},{"start":{"line":46,"column":20},"end":{"line":46,"column":70}},{"start":{"line":47,"column":20},"end":{"line":47,"column":26}}]},"3":{"line":51,"type":"cond-expr","locations":[{"start":{"line":52,"column":14},"end":{"line":52,"column":20}},{"start":{"line":53,"column":14},"end":{"line":53,"column":20}}]},"4":{"line":55,"type":"binary-expr","locations":[{"start":{"line":55,"column":16},"end":{"line":55,"column":44}},{"start":{"line":55,"column":49},"end":{"line":57,"column":43}}]},"5":{"line":55,"type":"cond-expr","locations":[{"start":{"line":56,"column":14},"end":{"line":56,"column":52}},{"start":{"line":57,"column":14},"end":{"line":57,"column":43}}]},"6":{"line":61,"type":"switch","locations":[{"start":{"line":68,"column":4},"end":{"line":150,"column":14},"skip":true},{"start":{"line":156,"column":4},"end":{"line":324,"column":14},"skip":true}]},"7":{"line":70,"type":"if","locations":[{"start":{"line":70,"column":12},"end":{"line":70,"column":12},"skip":true},{"start":{"line":70,"column":12},"end":{"line":70,"column":12},"skip":true}]},"8":{"line":70,"type":"binary-expr","locations":[{"start":{"line":70,"column":16},"end":{"line":70,"column":22},"skip":true},{"start":{"line":70,"column":27},"end":{"line":70,"column":32},"skip":true},{"start":{"line":71,"column":20},"end":{"line":71,"column":39},"skip":true},{"start":{"line":72,"column":20},"end":{"line":72,"column":49},"skip":true},{"start":{"line":73,"column":20},"end":{"line":73,"column":58},"skip":true},{"start":{"line":74,"column":20},"end":{"line":74,"column":69},"skip":true}]},"9":{"line":79,"type":"switch","locations":[{"start":{"line":80,"column":20},"end":{"line":80,"column":33},"skip":true},{"start":{"line":81,"column":20},"end":{"line":83,"column":30},"skip":true},{"start":{"line":84,"column":20},"end":{"line":85,"column":49},"skip":true}]},"10":{"line":89,"type":"switch","locations":[{"start":{"line":90,"column":12},"end":{"line":103,"column":22},"skip":true},{"start":{"line":105,"column":12},"end":{"line":106,"column":22},"skip":true}]},"11":{"line":89,"type":"binary-expr","locations":[{"start":{"line":89,"column":20},"end":{"line":89,"column":25},"skip":true},{"start":{"line":89,"column":29},"end":{"line":89,"column":48},"skip":true},{"start":{"line":89,"column":52},"end":{"line":89,"column":74},"skip":true}]},"12":{"line":92,"type":"if","locations":[{"start":{"line":92,"column":16},"end":{"line":92,"column":16},"skip":true},{"start":{"line":92,"column":16},"end":{"line":92,"column":16},"skip":true}]},"13":{"line":108,"type":"if","locations":[{"start":{"line":108,"column":12},"end":{"line":108,"column":12},"skip":true},{"start":{"line":108,"column":12},"end":{"line":108,"column":12},"skip":true}]},"14":{"line":108,"type":"binary-expr","locations":[{"start":{"line":108,"column":16},"end":{"line":108,"column":61},"skip":true},{"start":{"line":108,"column":66},"end":{"line":108,"column":72},"skip":true},{"start":{"line":108,"column":77},"end":{"line":108,"column":82},"skip":true},{"start":{"line":109,"column":20},"end":{"line":109,"column":39},"skip":true},{"start":{"line":110,"column":20},"end":{"line":110,"column":49},"skip":true},{"start":{"line":111,"column":20},"end":{"line":111,"column":58},"skip":true},{"start":{"line":112,"column":20},"end":{"line":112,"column":68},"skip":true}]},"15":{"line":129,"type":"if","locations":[{"start":{"line":129,"column":16},"end":{"line":129,"column":16},"skip":true},{"start":{"line":129,"column":16},"end":{"line":129,"column":16},"skip":true}]},"16":{"line":134,"type":"cond-expr","locations":[{"start":{"line":135,"column":26},"end":{"line":135,"column":29},"skip":true},{"start":{"line":136,"column":26},"end":{"line":136,"column":54},"skip":true}]},"17":{"line":164,"type":"binary-expr","locations":[{"start":{"line":164,"column":27},"end":{"line":164,"column":43},"skip":true},{"start":{"line":164,"column":47},"end":{"line":164,"column":49},"skip":true}]},"18":{"line":258,"type":"if","locations":[{"start":{"line":258,"column":8},"end":{"line":258,"column":8},"skip":true},{"start":{"line":258,"column":8},"end":{"line":258,"column":8},"skip":true}]},"19":{"line":275,"type":"switch","locations":[{"start":{"line":276,"column":20},"end":{"line":277,"column":64},"skip":true},{"start":{"line":278,"column":20},"end":{"line":279,"column":40},"skip":true},{"start":{"line":280,"column":20},"end":{"line":281,"column":40},"skip":true},{"start":{"line":282,"column":20},"end":{"line":283,"column":39},"skip":true}]},"20":{"line":288,"type":"if","locations":[{"start":{"line":288,"column":8},"end":{"line":288,"column":8},"skip":true},{"start":{"line":288,"column":8},"end":{"line":288,"column":8},"skip":true}]},"21":{"line":288,"type":"binary-expr","locations":[{"start":{"line":288,"column":12},"end":{"line":288,"column":40},"skip":true},{"start":{"line":288,"column":44},"end":{"line":288,"column":67},"skip":true}]},"22":{"line":292,"type":"binary-expr","locations":[{"start":{"line":292,"column":12},"end":{"line":292,"column":50},"skip":true},{"start":{"line":293,"column":12},"end":{"line":293,"column":53},"skip":true}]},"23":{"line":297,"type":"binary-expr","locations":[{"start":{"line":297,"column":12},"end":{"line":297,"column":66},"skip":true},{"start":{"line":298,"column":12},"end":{"line":301,"column":36},"skip":true}]},"24":{"line":303,"type":"binary-expr","locations":[{"start":{"line":303,"column":43},"end":{"line":303,"column":75},"skip":true},{"start":{"line":303,"column":79},"end":{"line":303,"column":81},"skip":true}]},"25":{"line":306,"type":"if","locations":[{"start":{"line":306,"column":8},"end":{"line":306,"column":8},"skip":true},{"start":{"line":306,"column":8},"end":{"line":306,"column":8},"skip":true}]},"26":{"line":310,"type":"if","locations":[{"start":{"line":310,"column":8},"end":{"line":310,"column":8},"skip":true},{"start":{"line":310,"column":8},"end":{"line":310,"column":8},"skip":true}]},"27":{"line":313,"type":"binary-expr","locations":[{"start":{"line":313,"column":27},"end":{"line":313,"column":43},"skip":true},{"start":{"line":313,"column":47},"end":{"line":313,"column":53},"skip":true}]},"28":{"line":317,"type":"if","locations":[{"start":{"line":317,"column":12},"end":{"line":317,"column":12},"skip":true},{"start":{"line":317,"column":12},"end":{"line":317,"column":12},"skip":true}]}},"code":["/*","example.js","","quickstart example","","instruction","    1. save this script as example.js","    2. run the shell command:","        $ npm install npmtest-hyperlog && PORT=8081 node example.js","    3. play with the browser-demo on http://127.0.0.1:8081","*/","","","","/* istanbul instrument in package npmtest_hyperlog */","/*jslint","    bitwise: true,","    browser: true,","    maxerr: 8,","    maxlen: 96,","    node: true,","    nomen: true,","    regexp: true,","    stupid: true","*/","(function () {","    'use strict';","    var local;","","","","    // run shared js-env code - pre-init","    (function () {","        // init local","        local = {};","        // init modeJs","        local.modeJs = (function () {","            try {","                return typeof navigator.userAgent === 'string' &&","                    typeof document.querySelector('body') === 'object' &&","                    typeof XMLHttpRequest.prototype.open === 'function' &&","                    'browser';","            } catch (errorCaughtBrowser) {","                return module.exports &&","                    typeof process.versions.node === 'string' &&","                    typeof require('http').createServer === 'function' &&","                    'node';","            }","        }());","        // init global","        local.global = local.modeJs === 'browser'","            ? window","            : global;","        // init utility2_rollup","        local = local.global.utility2_rollup || (local.modeJs === 'browser'","            ? local.global.utility2_npmtest_hyperlog","            : global.utility2_moduleExports);","        // export local","        local.global.local = local;","    }());","    switch (local.modeJs) {","","","","    // post-init","    // run browser js-env code - post-init","    /* istanbul ignore next */","    case 'browser':","        local.testRunBrowser = function (event) {","            if (!event || (event &&","                    event.currentTarget &&","                    event.currentTarget.className &&","                    event.currentTarget.className.includes &&","                    event.currentTarget.className.includes('onreset'))) {","                // reset output","                Array.from(","                    document.querySelectorAll('body > .resettable')","                ).forEach(function (element) {","                    switch (element.tagName) {","                    case 'INPUT':","                    case 'TEXTAREA':","                        element.value = '';","                        break;","                    default:","                        element.textContent = '';","                    }","                });","            }","            switch (event && event.currentTarget && event.currentTarget.id) {","            case 'testRunButton1':","                // show tests","                if (document.querySelector('#testReportDiv1').style.display === 'none') {","                    document.querySelector('#testReportDiv1').style.display = 'block';","                    document.querySelector('#testRunButton1').textContent =","                        'hide internal test';","                    local.modeTest = true;","                    local.testRunDefault(local);","                // hide tests","                } else {","                    document.querySelector('#testReportDiv1').style.display = 'none';","                    document.querySelector('#testRunButton1').textContent = 'run internal test';","                }","                break;","            // custom-case","            default:","                break;","            }","            if (document.querySelector('#inputTextareaEval1') && (!event || (event &&","                    event.currentTarget &&","                    event.currentTarget.className &&","                    event.currentTarget.className.includes &&","                    event.currentTarget.className.includes('oneval')))) {","                // try to eval input-code","                try {","                    /*jslint evil: true*/","                    eval(document.querySelector('#inputTextareaEval1').value);","                } catch (errorCaught) {","                    console.error(errorCaught);","                }","            }","        };","        // log stderr and stdout to #outputTextareaStdout1","        ['error', 'log'].forEach(function (key) {","            console[key + '_original'] = console[key];","            console[key] = function () {","                var element;","                console[key + '_original'].apply(console, arguments);","                element = document.querySelector('#outputTextareaStdout1');","                if (!element) {","                    return;","                }","                // append text to #outputTextareaStdout1","                element.value += Array.from(arguments).map(function (arg) {","                    return typeof arg === 'string'","                        ? arg","                        : JSON.stringify(arg, null, 4);","                }).join(' ') + '\\n';","                // scroll textarea to bottom","                element.scrollTop = element.scrollHeight;","            };","        });","        // init event-handling","        ['change', 'click', 'keyup'].forEach(function (event) {","            Array.from(document.querySelectorAll('.on' + event)).forEach(function (element) {","                element.addEventListener(event, local.testRunBrowser);","            });","        });","        // run tests","        local.testRunBrowser();","        break;","","","","    // run node js-env code - post-init","    /* istanbul ignore next */","    case 'node':","        // export local","        module.exports = local;","        // require modules","        local.fs = require('fs');","        local.http = require('http');","        local.url = require('url');","        // init assets","        local.assetsDict = local.assetsDict || {};","        /* jslint-ignore-begin */","        local.assetsDict['/assets.index.template.html'] = '\\","<!doctype html>\\n\\","<html lang=\"en\">\\n\\","<head>\\n\\","<meta charset=\"UTF-8\">\\n\\","<meta name=\"viewport\" content=\"width=device-width, initial-scale=1\">\\n\\","<title>{{env.npm_package_name}} (v{{env.npm_package_version}})</title>\\n\\","<style>\\n\\","/*csslint\\n\\","    box-sizing: false,\\n\\","    universal-selector: false\\n\\","*/\\n\\","* {\\n\\","    box-sizing: border-box;\\n\\","}\\n\\","body {\\n\\","    background: #dde;\\n\\","    font-family: Arial, Helvetica, sans-serif;\\n\\","    margin: 2rem;\\n\\","}\\n\\","body > * {\\n\\","    margin-bottom: 1rem;\\n\\","}\\n\\",".utility2FooterDiv {\\n\\","    margin-top: 20px;\\n\\","    text-align: center;\\n\\","}\\n\\","</style>\\n\\","<style>\\n\\","/*csslint\\n\\","*/\\n\\","textarea {\\n\\","    font-family: monospace;\\n\\","    height: 10rem;\\n\\","    width: 100%;\\n\\","}\\n\\","textarea[readonly] {\\n\\","    background: #ddd;\\n\\","}\\n\\","</style>\\n\\","</head>\\n\\","<body>\\n\\","<!-- utility2-comment\\n\\","<div id=\"ajaxProgressDiv1\" style=\"background: #d00; height: 2px; left: 0; margin: 0; padding: 0; position: fixed; top: 0; transition: background 0.5s, width 1.5s; width: 25%;\"></div>\\n\\","utility2-comment -->\\n\\","<h1>\\n\\","<!-- utility2-comment\\n\\","    <a\\n\\","        {{#if env.npm_package_homepage}}\\n\\","        href=\"{{env.npm_package_homepage}}\"\\n\\","        {{/if env.npm_package_homepage}}\\n\\","        target=\"_blank\"\\n\\","    >\\n\\","utility2-comment -->\\n\\","        {{env.npm_package_name}} (v{{env.npm_package_version}})\\n\\","<!-- utility2-comment\\n\\","    </a>\\n\\","utility2-comment -->\\n\\","</h1>\\n\\","<h3>{{env.npm_package_description}}</h3>\\n\\","<!-- utility2-comment\\n\\","<h4><a download href=\"assets.app.js\">download standalone app</a></h4>\\n\\","<button class=\"onclick onreset\" id=\"testRunButton1\">run internal test</button><br>\\n\\","<div id=\"testReportDiv1\" style=\"display: none;\"></div>\\n\\","utility2-comment -->\\n\\","\\n\\","\\n\\","\\n\\","<label>stderr and stdout</label>\\n\\","<textarea class=\"resettable\" id=\"outputTextareaStdout1\" readonly></textarea>\\n\\","<!-- utility2-comment\\n\\","{{#if isRollup}}\\n\\","<script src=\"assets.app.js\"></script>\\n\\","{{#unless isRollup}}\\n\\","utility2-comment -->\\n\\","<script src=\"assets.utility2.rollup.js\"></script>\\n\\","<script src=\"jsonp.utility2._stateInit?callback=window.utility2._stateInit\"></script>\\n\\","<script src=\"assets.npmtest_hyperlog.rollup.js\"></script>\\n\\","<script src=\"assets.example.js\"></script>\\n\\","<script src=\"assets.test.js\"></script>\\n\\","<!-- utility2-comment\\n\\","{{/if isRollup}}\\n\\","utility2-comment -->\\n\\","<div class=\"utility2FooterDiv\">\\n\\","    [ this app was created with\\n\\","    <a href=\"https://github.com/kaizhu256/node-utility2\" target=\"_blank\">utility2</a>\\n\\","    ]\\n\\","</div>\\n\\","</body>\\n\\","</html>\\n\\","';","        /* jslint-ignore-end */","        if (local.templateRender) {","            local.assetsDict['/'] = local.templateRender(","                local.assetsDict['/assets.index.template.html'],","                {","                    env: local.objectSetDefault(local.env, {","                        npm_package_description: 'the greatest app in the world!',","                        npm_package_name: 'my-app',","                        npm_package_nameAlias: 'my_app',","                        npm_package_version: '0.0.1'","                    })","                }","            );","        } else {","            local.assetsDict['/'] = local.assetsDict['/assets.index.template.html']","                .replace((/\\{\\{env\\.(\\w+?)\\}\\}/g), function (match0, match1) {","                    // jslint-hack","                    String(match0);","                    switch (match1) {","                    case 'npm_package_description':","                        return 'the greatest app in the world!';","                    case 'npm_package_name':","                        return 'my-app';","                    case 'npm_package_nameAlias':","                        return 'my_app';","                    case 'npm_package_version':","                        return '0.0.1';","                    }","                });","        }","        // run the cli","        if (local.global.utility2_rollup || module !== require.main) {","            break;","        }","        local.assetsDict['/assets.example.js'] =","            local.assetsDict['/assets.example.js'] ||","            local.fs.readFileSync(__filename, 'utf8');","        // bug-workaround - long $npm_package_buildCustomOrg","        /* jslint-ignore-begin */","        local.assetsDict['/assets.npmtest_hyperlog.rollup.js'] =","            local.assetsDict['/assets.npmtest_hyperlog.rollup.js'] ||","            local.fs.readFileSync(","                local.npmtest_hyperlog.__dirname + '/lib.npmtest_hyperlog.js',","                'utf8'","            ).replace((/^#!/), '//');","        /* jslint-ignore-end */","        local.assetsDict['/favicon.ico'] = local.assetsDict['/favicon.ico'] || '';","        // if $npm_config_timeout_exit exists,","        // then exit this process after $npm_config_timeout_exit ms","        if (Number(process.env.npm_config_timeout_exit)) {","            setTimeout(process.exit, Number(process.env.npm_config_timeout_exit));","        }","        // start server","        if (local.global.utility2_serverHttp1) {","            break;","        }","        process.env.PORT = process.env.PORT || '8081';","        console.error('server starting on port ' + process.env.PORT);","        local.http.createServer(function (request, response) {","            request.urlParsed = local.url.parse(request.url);","            if (local.assetsDict[request.urlParsed.pathname] !== undefined) {","                response.end(local.assetsDict[request.urlParsed.pathname]);","                return;","            }","            response.statusCode = 404;","            response.end();","        }).listen(process.env.PORT);","        break;","    }","}());",""],"l":{"26":2,"28":2,"33":2,"35":2,"37":2,"38":2,"39":2,"44":1,"51":2,"55":2,"59":2,"61":2,"69":1,"70":2,"76":2,"79":2,"82":2,"83":2,"85":1,"89":2,"92":1,"93":1,"94":1,"96":1,"97":1,"100":1,"101":1,"103":1,"106":1,"108":2,"114":1,"116":1,"118":1,"123":1,"124":2,"125":2,"126":3,"127":3,"128":3,"129":3,"130":1,"133":3,"134":3,"139":3,"143":1,"144":3,"145":1,"149":1,"150":1,"158":1,"160":1,"161":1,"162":1,"164":1,"166":1,"258":1,"259":1,"271":1,"274":6,"275":6,"277":1,"279":2,"281":1,"283":2,"288":1,"289":1,"291":1,"296":1,"303":1,"306":1,"307":1,"310":1,"311":1,"313":1,"314":1,"315":1,"316":1,"317":1,"318":1,"319":1,"321":1,"322":1,"324":1}},"/home/travis/build/npmtest/node-npmtest-hyperlog/node_modules/hyperlog/index.js":{"path":"/home/travis/build/npmtest/node-npmtest-hyperlog/node_modules/hyperlog/index.js","s":{"1":1,"2":1,"3":1,"4":1,"5":1,"6":1,"7":1,"8":1,"9":1,"10":1,"11":1,"12":1,"13":1,"14":1,"15":1,"16":1,"17":1,"18":1,"19":1,"20":1,"21":1,"22":1,"23":1,"24":1,"25":1,"26":1,"27":1,"28":1,"29":1,"30":1,"31":0,"32":0,"33":0,"34":0,"35":0,"36":0,"37":0,"38":0,"39":0,"40":0,"41":0,"42":0,"43":0,"44":0,"45":0,"46":0,"47":0,"48":0,"49":0,"50":0,"51":0,"52":0,"53":0,"54":0,"55":0,"56":0,"57":0,"58":0,"59":0,"60":0,"61":0,"62":0,"63":0,"64":0,"65":1,"66":1,"67":0,"68":0,"69":0,"70":0,"71":0,"72":1,"73":0,"74":0,"75":0,"76":0,"77":0,"78":0,"79":0,"80":0,"81":0,"82":0,"83":1,"84":0,"85":0,"86":0,"87":0,"88":0,"89":0,"90":0,"91":0,"92":0,"93":0,"94":0,"95":0,"96":1,"97":0,"98":1,"99":0,"100":1,"101":0,"102":0,"103":0,"104":0,"105":0,"106":0,"107":0,"108":0,"109":0,"110":0,"111":0,"112":0,"113":0,"114":0,"115":0,"116":0,"117":0,"118":0,"119":0,"120":0,"121":0,"122":0,"123":0,"124":0,"125":0,"126":0,"127":0,"128":0,"129":0,"130":0,"131":0,"132":0,"133":0,"134":0,"135":0,"136":0,"137":0,"138":0,"139":0,"140":0,"141":1,"142":0,"143":0,"144":0,"145":0,"146":0,"147":0,"148":0,"149":0,"150":0,"151":0,"152":0,"153":0,"154":0,"155":0,"156":0,"157":1,"158":0,"159":0,"160":0,"161":0,"162":0,"163":0,"164":0,"165":0,"166":0,"167":0,"168":0,"169":0,"170":0,"171":0,"172":0,"173":0,"174":0,"175":0,"176":0,"177":0,"178":0,"179":0,"180":0,"181":0,"182":0,"183":0,"184":0,"185":0,"186":0,"187":0,"188":0,"189":1,"190":0,"191":0,"192":0,"193":0,"194":0,"195":0,"196":0,"197":0,"198":0,"199":0,"200":0,"201":0,"202":0,"203":1,"204":0,"205":1,"206":0,"207":0,"208":0,"209":0,"210":0,"211":0,"212":0,"213":0,"214":0,"215":1,"216":0,"217":0,"218":0,"219":0,"220":0,"221":0,"222":0,"223":0,"224":0,"225":0,"226":0,"227":0,"228":0,"229":0,"230":0,"231":0,"232":0,"233":0,"234":0,"235":0,"236":0,"237":0,"238":0,"239":0,"240":0,"241":0,"242":0,"243":0,"244":0,"245":0,"246":0,"247":0,"248":0,"249":0,"250":0,"251":0,"252":0,"253":0,"254":0,"255":1,"256":0,"257":0,"258":0,"259":0,"260":0,"261":1,"262":0,"263":1,"264":0,"265":0,"266":0,"267":0,"268":0,"269":0,"270":0,"271":0,"272":0,"273":0,"274":0,"275":0,"276":0,"277":0,"278":0,"279":0,"280":0,"281":0,"282":1,"283":0,"284":0,"285":0,"286":1,"287":0,"288":0,"289":0,"290":0,"291":0,"292":1,"293":0,"294":0,"295":0,"296":0,"297":0,"298":0,"299":0,"300":0,"301":1,"302":0,"303":0,"304":0,"305":0,"306":0,"307":0,"308":0,"309":0,"310":0,"311":0,"312":0,"313":0,"314":0,"315":0,"316":0,"317":1,"318":0,"319":0,"320":0,"321":0,"322":0,"323":0,"324":0,"325":0,"326":0,"327":0,"328":0,"329":0,"330":0,"331":0,"332":1,"333":0,"334":0,"335":0,"336":0,"337":0,"338":0,"339":0,"340":1,"341":0,"342":0,"343":0,"344":0,"345":0,"346":0,"347":1,"348":0,"349":0,"350":0,"351":0,"352":1,"353":0,"354":0,"355":0,"356":0,"357":0,"358":0,"359":0,"360":0,"361":0,"362":0,"363":0,"364":0,"365":0,"366":0,"367":1},"b":{"1":[0,0],"2":[0,0],"3":[0,0],"4":[0,0],"5":[0,0],"6":[0,0],"7":[0,0],"8":[0,0],"9":[0,0],"10":[0,0],"11":[0,0],"12":[0,0],"13":[0,0],"14":[0,0],"15":[0,0],"16":[0,0],"17":[0,0],"18":[0,0],"19":[0,0],"20":[0,0],"21":[0,0],"22":[0,0],"23":[0,0],"24":[0,0],"25":[0,0],"26":[0,0],"27":[0,0],"28":[0,0],"29":[0,0],"30":[0,0],"31":[0,0],"32":[0,0],"33":[0,0],"34":[0,0],"35":[0,0],"36":[0,0],"37":[0,0],"38":[0,0],"39":[0,0],"40":[0,0],"41":[0,0],"42":[0,0],"43":[0,0],"44":[0,0],"45":[0,0],"46":[0,0],"47":[0,0],"48":[0,0],"49":[0,0],"50":[0,0],"51":[0,0],"52":[0,0],"53":[0,0],"54":[0,0],"55":[0,0],"56":[0,0],"57":[0,0],"58":[0,0],"59":[0,0],"60":[0,0],"61":[0,0],"62":[0,0],"63":[0,0],"64":[0,0],"65":[0,0],"66":[0,0],"67":[0,0],"68":[0,0],"69":[0,0],"70":[0,0],"71":[0,0],"72":[0,0],"73":[0,0],"74":[0,0],"75":[0,0],"76":[0,0],"77":[0,0],"78":[0,0],"79":[0,0],"80":[0,0],"81":[0,0,0],"82":[0,0],"83":[0,0],"84":[0,0],"85":[0,0],"86":[0,0],"87":[0,0]},"f":{"1":0,"2":0,"3":0,"4":0,"5":0,"6":0,"7":0,"8":0,"9":0,"10":0,"11":0,"12":0,"13":0,"14":0,"15":0,"16":0,"17":0,"18":0,"19":0,"20":0,"21":0,"22":0,"23":0,"24":0,"25":0,"26":0,"27":0,"28":0,"29":0,"30":0,"31":0,"32":0,"33":0,"34":0,"35":0,"36":0,"37":0,"38":0,"39":0,"40":0,"41":0,"42":0,"43":0,"44":0,"45":0,"46":0,"47":0,"48":0,"49":0,"50":0,"51":0,"52":0,"53":0,"54":0,"55":0,"56":0,"57":0,"58":0,"59":0,"60":0,"61":0,"62":0,"63":0,"64":0,"65":0,"66":0,"67":0,"68":0,"69":0,"70":0,"71":0,"72":0,"73":0,"74":0,"75":0,"76":0,"77":0,"78":0,"79":0},"fnMap":{"1":{"name":"(anonymous_1)","line":33,"loc":{"start":{"line":33,"column":11},"end":{"line":33,"column":23}}},"2":{"name":"(anonymous_2)","line":35,"loc":{"start":{"line":35,"column":15},"end":{"line":35,"column":35}}},"3":{"name":"(anonymous_3)","line":57,"loc":{"start":{"line":57,"column":34},"end":{"line":57,"column":48}}},"4":{"name":"(anonymous_4)","line":58,"loc":{"start":{"line":58,"column":41},"end":{"line":58,"column":58}}},"5":{"name":"(anonymous_5)","line":61,"loc":{"start":{"line":61,"column":21},"end":{"line":61,"column":33}}},"6":{"name":"(anonymous_6)","line":74,"loc":{"start":{"line":74,"column":12},"end":{"line":74,"column":31}}},"7":{"name":"(anonymous_7)","line":75,"loc":{"start":{"line":75,"column":91},"end":{"line":75,"column":110}}},"8":{"name":"(anonymous_8)","line":78,"loc":{"start":{"line":78,"column":12},"end":{"line":78,"column":29}}},"9":{"name":"(anonymous_9)","line":91,"loc":{"start":{"line":91,"column":27},"end":{"line":91,"column":41}}},"10":{"name":"(anonymous_10)","line":93,"loc":{"start":{"line":93,"column":12},"end":{"line":93,"column":31}}},"11":{"name":"(anonymous_11)","line":101,"loc":{"start":{"line":101,"column":27},"end":{"line":101,"column":47}}},"12":{"name":"(anonymous_12)","line":115,"loc":{"start":{"line":115,"column":27},"end":{"line":115,"column":51}}},"13":{"name":"(anonymous_13)","line":123,"loc":{"start":{"line":123,"column":25},"end":{"line":123,"column":50}}},"14":{"name":"(anonymous_14)","line":130,"loc":{"start":{"line":130,"column":54},"end":{"line":130,"column":74}}},"15":{"name":"(anonymous_15)","line":140,"loc":{"start":{"line":140,"column":16},"end":{"line":140,"column":36}}},"16":{"name":"(anonymous_16)","line":145,"loc":{"start":{"line":145,"column":12},"end":{"line":145,"column":28}}},"17":{"name":"(anonymous_17)","line":152,"loc":{"start":{"line":152,"column":24},"end":{"line":152,"column":72}}},"18":{"name":"(anonymous_18)","line":162,"loc":{"start":{"line":162,"column":16},"end":{"line":162,"column":33}}},"19":{"name":"(anonymous_19)","line":168,"loc":{"start":{"line":168,"column":13},"end":{"line":168,"column":25}}},"20":{"name":"(anonymous_20)","line":169,"loc":{"start":{"line":169,"column":51},"end":{"line":169,"column":71}}},"21":{"name":"(anonymous_21)","line":188,"loc":{"start":{"line":188,"column":19},"end":{"line":188,"column":39}}},"22":{"name":"(anonymous_22)","line":197,"loc":{"start":{"line":197,"column":21},"end":{"line":197,"column":43}}},"23":{"name":"(anonymous_23)","line":205,"loc":{"start":{"line":205,"column":15},"end":{"line":205,"column":45}}},"24":{"name":"(anonymous_24)","line":207,"loc":{"start":{"line":207,"column":17},"end":{"line":207,"column":29}}},"25":{"name":"(anonymous_25)","line":209,"loc":{"start":{"line":209,"column":11},"end":{"line":209,"column":32}}},"26":{"name":"(anonymous_26)","line":215,"loc":{"start":{"line":215,"column":19},"end":{"line":215,"column":34}}},"27":{"name":"(anonymous_27)","line":227,"loc":{"start":{"line":227,"column":23},"end":{"line":227,"column":44}}},"28":{"name":"(anonymous_28)","line":232,"loc":{"start":{"line":232,"column":13},"end":{"line":232,"column":33}}},"29":{"name":"(anonymous_29)","line":240,"loc":{"start":{"line":240,"column":56},"end":{"line":240,"column":77}}},"30":{"name":"(anonymous_30)","line":242,"loc":{"start":{"line":242,"column":26},"end":{"line":242,"column":47}}},"31":{"name":"(anonymous_31)","line":251,"loc":{"start":{"line":251,"column":13},"end":{"line":251,"column":25}}},"32":{"name":"(anonymous_32)","line":263,"loc":{"start":{"line":263,"column":19},"end":{"line":263,"column":31}}},"33":{"name":"(anonymous_33)","line":271,"loc":{"start":{"line":271,"column":38},"end":{"line":271,"column":54}}},"34":{"name":"(anonymous_34)","line":290,"loc":{"start":{"line":290,"column":12},"end":{"line":290,"column":36}}},"35":{"name":"(anonymous_35)","line":298,"loc":{"start":{"line":298,"column":45},"end":{"line":298,"column":61}}},"36":{"name":"(anonymous_36)","line":302,"loc":{"start":{"line":302,"column":25},"end":{"line":302,"column":59}}},"37":{"name":"(anonymous_37)","line":308,"loc":{"start":{"line":308,"column":51},"end":{"line":308,"column":73}}},"38":{"name":"(anonymous_38)","line":314,"loc":{"start":{"line":314,"column":27},"end":{"line":314,"column":53}}},"39":{"name":"(anonymous_39)","line":324,"loc":{"start":{"line":324,"column":49},"end":{"line":324,"column":61}}},"40":{"name":"(anonymous_40)","line":341,"loc":{"start":{"line":341,"column":23},"end":{"line":341,"column":38}}},"41":{"name":"(anonymous_41)","line":346,"loc":{"start":{"line":346,"column":16},"end":{"line":346,"column":32}}},"42":{"name":"(anonymous_42)","line":358,"loc":{"start":{"line":358,"column":4},"end":{"line":358,"column":34}}},"43":{"name":"(anonymous_43)","line":366,"loc":{"start":{"line":366,"column":4},"end":{"line":366,"column":27}}},"44":{"name":"(anonymous_44)","line":371,"loc":{"start":{"line":371,"column":4},"end":{"line":371,"column":27}}},"45":{"name":"(anonymous_45)","line":376,"loc":{"start":{"line":376,"column":4},"end":{"line":376,"column":37}}},"46":{"name":"(anonymous_46)","line":377,"loc":{"start":{"line":377,"column":30},"end":{"line":377,"column":45}}},"47":{"name":"(anonymous_47)","line":388,"loc":{"start":{"line":388,"column":4},"end":{"line":388,"column":27}}},"48":{"name":"(anonymous_48)","line":392,"loc":{"start":{"line":392,"column":5},"end":{"line":392,"column":27}}},"49":{"name":"onUnlocked","line":397,"loc":{"start":{"line":397,"column":4},"end":{"line":397,"column":30}}},"50":{"name":"(anonymous_50)","line":402,"loc":{"start":{"line":402,"column":20},"end":{"line":402,"column":36}}},"51":{"name":"rejectNode","line":410,"loc":{"start":{"line":410,"column":2},"end":{"line":410,"column":29}}},"52":{"name":"hashNodesAndFindLinks","line":416,"loc":{"start":{"line":416,"column":2},"end":{"line":416,"column":47}}},"53":{"name":"(anonymous_53)","line":420,"loc":{"start":{"line":420,"column":16},"end":{"line":420,"column":32}}},"54":{"name":"(anonymous_54)","line":421,"loc":{"start":{"line":421,"column":15},"end":{"line":421,"column":31}}},"55":{"name":"(anonymous_55)","line":422,"loc":{"start":{"line":422,"column":25},"end":{"line":422,"column":45}}},"56":{"name":"(anonymous_56)","line":429,"loc":{"start":{"line":429,"column":43},"end":{"line":429,"column":65}}},"57":{"name":"(anonymous_57)","line":444,"loc":{"start":{"line":444,"column":6},"end":{"line":444,"column":21}}},"58":{"name":"lockAndGetSeqNumber","line":450,"loc":{"start":{"line":450,"column":2},"end":{"line":450,"column":38}}},"59":{"name":"onlocked","line":454,"loc":{"start":{"line":454,"column":4},"end":{"line":454,"column":32}}},"60":{"name":"(anonymous_60)","line":455,"loc":{"start":{"line":455,"column":17},"end":{"line":455,"column":29}}},"61":{"name":"(anonymous_61)","line":456,"loc":{"start":{"line":456,"column":27},"end":{"line":456,"column":47}}},"62":{"name":"dedupeNodes","line":464,"loc":{"start":{"line":464,"column":2},"end":{"line":464,"column":42}}},"63":{"name":"(anonymous_63)","line":472,"loc":{"start":{"line":472,"column":16},"end":{"line":472,"column":32}}},"64":{"name":"(anonymous_64)","line":473,"loc":{"start":{"line":473,"column":15},"end":{"line":473,"column":31}}},"65":{"name":"(anonymous_65)","line":477,"loc":{"start":{"line":477,"column":6},"end":{"line":477,"column":21}}},"66":{"name":"dedupeNode","line":482,"loc":{"start":{"line":482,"column":4},"end":{"line":482,"column":37}}},"67":{"name":"(anonymous_67)","line":484,"loc":{"start":{"line":484,"column":25},"end":{"line":484,"column":45}}},"68":{"name":"computeBatchNodeOperations","line":510,"loc":{"start":{"line":510,"column":2},"end":{"line":510,"column":52}}},"69":{"name":"(anonymous_69)","line":515,"loc":{"start":{"line":515,"column":16},"end":{"line":515,"column":32}}},"70":{"name":"(anonymous_70)","line":516,"loc":{"start":{"line":516,"column":15},"end":{"line":516,"column":31}}},"71":{"name":"(anonymous_71)","line":517,"loc":{"start":{"line":517,"column":35},"end":{"line":517,"column":55}}},"72":{"name":"(anonymous_72)","line":528,"loc":{"start":{"line":528,"column":6},"end":{"line":528,"column":21}}},"73":{"name":"computeNodeBatchOp","line":535,"loc":{"start":{"line":535,"column":4},"end":{"line":535,"column":45}}},"74":{"name":"(anonymous_74)","line":538,"loc":{"start":{"line":538,"column":56},"end":{"line":538,"column":80}}},"75":{"name":"constructInitialNode","line":546,"loc":{"start":{"line":546,"column":2},"end":{"line":546,"column":44}}},"76":{"name":"hashNode","line":562,"loc":{"start":{"line":562,"column":2},"end":{"line":562,"column":33}}},"77":{"name":"(anonymous_77)","line":572,"loc":{"start":{"line":572,"column":28},"end":{"line":572,"column":55}}},"78":{"name":"(anonymous_78)","line":581,"loc":{"start":{"line":581,"column":12},"end":{"line":581,"column":31}}},"79":{"name":"(anonymous_79)","line":582,"loc":{"start":{"line":582,"column":15},"end":{"line":582,"column":37}}}},"statementMap":{"1":{"start":{"line":1,"column":0},"end":{"line":1,"column":32}},"2":{"start":{"line":2,"column":0},"end":{"line":2,"column":45}},"3":{"start":{"line":3,"column":0},"end":{"line":3,"column":41}},"4":{"start":{"line":4,"column":0},"end":{"line":4,"column":33}},"5":{"start":{"line":5,"column":0},"end":{"line":5,"column":26}},"6":{"start":{"line":6,"column":0},"end":{"line":6,"column":27}},"7":{"start":{"line":7,"column":0},"end":{"line":7,"column":34}},"8":{"start":{"line":8,"column":0},"end":{"line":8,"column":26}},"9":{"start":{"line":9,"column":0},"end":{"line":9,"column":32}},"10":{"start":{"line":10,"column":0},"end":{"line":10,"column":30}},"11":{"start":{"line":11,"column":0},"end":{"line":11,"column":26}},"12":{"start":{"line":12,"column":0},"end":{"line":12,"column":42}},"13":{"start":{"line":13,"column":0},"end":{"line":13,"column":42}},"14":{"start":{"line":14,"column":0},"end":{"line":14,"column":40}},"15":{"start":{"line":15,"column":0},"end":{"line":15,"column":32}},"16":{"start":{"line":16,"column":0},"end":{"line":16,"column":37}},"17":{"start":{"line":17,"column":0},"end":{"line":17,"column":32}},"18":{"start":{"line":18,"column":0},"end":{"line":18,"column":38}},"19":{"start":{"line":19,"column":0},"end":{"line":19,"column":40}},"20":{"start":{"line":21,"column":0},"end":{"line":21,"column":15}},"21":{"start":{"line":22,"column":0},"end":{"line":22,"column":25}},"22":{"start":{"line":23,"column":0},"end":{"line":23,"column":21}},"23":{"start":{"line":24,"column":0},"end":{"line":24,"column":21}},"24":{"start":{"line":26,"column":0},"end":{"line":26,"column":54}},"25":{"start":{"line":27,"column":0},"end":{"line":27,"column":54}},"26":{"start":{"line":28,"column":0},"end":{"line":28,"column":51}},"27":{"start":{"line":30,"column":0},"end":{"line":30,"column":27}},"28":{"start":{"line":31,"column":0},"end":{"line":31,"column":24}},"29":{"start":{"line":33,"column":0},"end":{"line":33,"column":25}},"30":{"start":{"line":35,"column":0},"end":{"line":84,"column":1}},"31":{"start":{"line":36,"column":2},"end":{"line":36,"column":64}},"32":{"start":{"line":36,"column":35},"end":{"line":36,"column":64}},"33":{"start":{"line":37,"column":2},"end":{"line":37,"column":22}},"34":{"start":{"line":37,"column":13},"end":{"line":37,"column":22}},"35":{"start":{"line":39,"column":2},"end":{"line":39,"column":32}},"36":{"start":{"line":41,"column":2},"end":{"line":41,"column":34}},"37":{"start":{"line":42,"column":2},"end":{"line":42,"column":50}},"38":{"start":{"line":43,"column":2},"end":{"line":43,"column":14}},"39":{"start":{"line":44,"column":2},"end":{"line":44,"column":71}},"40":{"start":{"line":45,"column":2},"end":{"line":45,"column":44}},"41":{"start":{"line":46,"column":2},"end":{"line":46,"column":18}},"42":{"start":{"line":47,"column":2},"end":{"line":47,"column":25}},"43":{"start":{"line":48,"column":2},"end":{"line":48,"column":75}},"44":{"start":{"line":49,"column":2},"end":{"line":49,"column":46}},"45":{"start":{"line":50,"column":2},"end":{"line":50,"column":42}},"46":{"start":{"line":51,"column":2},"end":{"line":51,"column":38}},"47":{"start":{"line":52,"column":2},"end":{"line":52,"column":38}},"48":{"start":{"line":53,"column":2},"end":{"line":53,"column":48}},"49":{"start":{"line":56,"column":2},"end":{"line":56,"column":17}},"50":{"start":{"line":57,"column":2},"end":{"line":65,"column":4}},"51":{"start":{"line":58,"column":4},"end":{"line":64,"column":6}},"52":{"start":{"line":59,"column":6},"end":{"line":59,"column":33}},"53":{"start":{"line":59,"column":14},"end":{"line":59,"column":33}},"54":{"start":{"line":60,"column":6},"end":{"line":60,"column":17}},"55":{"start":{"line":61,"column":6},"end":{"line":63,"column":8}},"56":{"start":{"line":62,"column":8},"end":{"line":62,"column":20}},"57":{"start":{"line":74,"column":2},"end":{"line":83,"column":4}},"58":{"start":{"line":75,"column":4},"end":{"line":82,"column":6}},"59":{"start":{"line":76,"column":6},"end":{"line":76,"column":117}},"60":{"start":{"line":77,"column":6},"end":{"line":77,"column":35}},"61":{"start":{"line":77,"column":19},"end":{"line":77,"column":35}},"62":{"start":{"line":78,"column":6},"end":{"line":81,"column":8}},"63":{"start":{"line":79,"column":8},"end":{"line":79,"column":30}},"64":{"start":{"line":80,"column":8},"end":{"line":80,"column":17}},"65":{"start":{"line":86,"column":0},"end":{"line":86,"column":44}},"66":{"start":{"line":91,"column":0},"end":{"line":97,"column":1}},"67":{"start":{"line":92,"column":2},"end":{"line":92,"column":26}},"68":{"start":{"line":92,"column":15},"end":{"line":92,"column":26}},"69":{"start":{"line":93,"column":2},"end":{"line":96,"column":4}},"70":{"start":{"line":94,"column":4},"end":{"line":94,"column":13}},"71":{"start":{"line":95,"column":4},"end":{"line":95,"column":8}},"72":{"start":{"line":101,"column":0},"end":{"line":120,"column":1}},"73":{"start":{"line":102,"column":2},"end":{"line":102,"column":17}},"74":{"start":{"line":103,"column":2},"end":{"line":103,"column":22}},"75":{"start":{"line":103,"column":13},"end":{"line":103,"column":22}},"76":{"start":{"line":104,"column":2},"end":{"line":107,"column":3}},"77":{"start":{"line":105,"column":4},"end":{"line":105,"column":13}},"78":{"start":{"line":106,"column":4},"end":{"line":106,"column":13}},"79":{"start":{"line":109,"column":2},"end":{"line":113,"column":4}},"80":{"start":{"line":115,"column":2},"end":{"line":117,"column":4}},"81":{"start":{"line":116,"column":4},"end":{"line":116,"column":27}},"82":{"start":{"line":119,"column":2},"end":{"line":119,"column":38}},"83":{"start":{"line":123,"column":0},"end":{"line":136,"column":1}},"84":{"start":{"line":124,"column":2},"end":{"line":124,"column":22}},"85":{"start":{"line":124,"column":13},"end":{"line":124,"column":22}},"86":{"start":{"line":125,"column":2},"end":{"line":128,"column":3}},"87":{"start":{"line":126,"column":4},"end":{"line":126,"column":13}},"88":{"start":{"line":127,"column":4},"end":{"line":127,"column":13}},"89":{"start":{"line":129,"column":2},"end":{"line":129,"column":17}},"90":{"start":{"line":130,"column":2},"end":{"line":135,"column":4}},"91":{"start":{"line":131,"column":4},"end":{"line":131,"column":27}},"92":{"start":{"line":131,"column":13},"end":{"line":131,"column":27}},"93":{"start":{"line":132,"column":4},"end":{"line":132,"column":40}},"94":{"start":{"line":133,"column":4},"end":{"line":133,"column":85}},"95":{"start":{"line":134,"column":4},"end":{"line":134,"column":18}},"96":{"start":{"line":140,"column":0},"end":{"line":142,"column":1}},"97":{"start":{"line":141,"column":2},"end":{"line":141,"column":34}},"98":{"start":{"line":145,"column":0},"end":{"line":147,"column":1}},"99":{"start":{"line":146,"column":2},"end":{"line":146,"column":51}},"100":{"start":{"line":152,"column":0},"end":{"line":203,"column":1}},"101":{"start":{"line":153,"column":2},"end":{"line":153,"column":71}},"102":{"start":{"line":153,"column":43},"end":{"line":153,"column":71}},"103":{"start":{"line":154,"column":2},"end":{"line":154,"column":63}},"104":{"start":{"line":154,"column":41},"end":{"line":154,"column":63}},"105":{"start":{"line":156,"column":2},"end":{"line":160,"column":3}},"106":{"start":{"line":162,"column":2},"end":{"line":166,"column":3}},"107":{"start":{"line":163,"column":4},"end":{"line":163,"column":45}},"108":{"start":{"line":163,"column":19},"end":{"line":163,"column":45}},"109":{"start":{"line":164,"column":4},"end":{"line":164,"column":103}},"110":{"start":{"line":165,"column":4},"end":{"line":165,"column":19}},"111":{"start":{"line":168,"column":2},"end":{"line":183,"column":3}},"112":{"start":{"line":169,"column":4},"end":{"line":182,"column":6}},"113":{"start":{"line":172,"column":6},"end":{"line":172,"column":38}},"114":{"start":{"line":172,"column":17},"end":{"line":172,"column":38}},"115":{"start":{"line":174,"column":6},"end":{"line":174,"column":28}},"116":{"start":{"line":175,"column":6},"end":{"line":175,"column":93}},"117":{"start":{"line":175,"column":45},"end":{"line":175,"column":93}},"118":{"start":{"line":176,"column":6},"end":{"line":176,"column":96}},"119":{"start":{"line":177,"column":6},"end":{"line":177,"column":89}},"120":{"start":{"line":178,"column":6},"end":{"line":178,"column":71}},"121":{"start":{"line":179,"column":6},"end":{"line":179,"column":105}},"122":{"start":{"line":181,"column":6},"end":{"line":181,"column":20}},"123":{"start":{"line":186,"column":2},"end":{"line":202,"column":3}},"124":{"start":{"line":187,"column":4},"end":{"line":187,"column":50}},"125":{"start":{"line":187,"column":37},"end":{"line":187,"column":50}},"126":{"start":{"line":188,"column":4},"end":{"line":193,"column":6}},"127":{"start":{"line":189,"column":6},"end":{"line":189,"column":29}},"128":{"start":{"line":189,"column":15},"end":{"line":189,"column":29}},"129":{"start":{"line":190,"column":6},"end":{"line":190,"column":54}},"130":{"start":{"line":190,"column":26},"end":{"line":190,"column":54}},"131":{"start":{"line":191,"column":6},"end":{"line":191,"column":26}},"132":{"start":{"line":192,"column":6},"end":{"line":192,"column":12}},"133":{"start":{"line":196,"column":4},"end":{"line":196,"column":34}},"134":{"start":{"line":196,"column":21},"end":{"line":196,"column":34}},"135":{"start":{"line":197,"column":4},"end":{"line":201,"column":6}},"136":{"start":{"line":198,"column":6},"end":{"line":198,"column":29}},"137":{"start":{"line":198,"column":15},"end":{"line":198,"column":29}},"138":{"start":{"line":199,"column":6},"end":{"line":199,"column":46}},"139":{"start":{"line":199,"column":18},"end":{"line":199,"column":46}},"140":{"start":{"line":200,"column":6},"end":{"line":200,"column":12}},"141":{"start":{"line":205,"column":0},"end":{"line":223,"column":1}},"142":{"start":{"line":206,"column":2},"end":{"line":206,"column":19}},"143":{"start":{"line":207,"column":2},"end":{"line":214,"column":3}},"144":{"start":{"line":208,"column":4},"end":{"line":208,"column":19}},"145":{"start":{"line":209,"column":4},"end":{"line":213,"column":5}},"146":{"start":{"line":210,"column":6},"end":{"line":210,"column":29}},"147":{"start":{"line":210,"column":15},"end":{"line":210,"column":29}},"148":{"start":{"line":211,"column":6},"end":{"line":211,"column":87}},"149":{"start":{"line":211,"column":64},"end":{"line":211,"column":87}},"150":{"start":{"line":212,"column":6},"end":{"line":212,"column":14}},"151":{"start":{"line":215,"column":2},"end":{"line":218,"column":4}},"152":{"start":{"line":216,"column":4},"end":{"line":217,"column":27}},"153":{"start":{"line":216,"column":13},"end":{"line":216,"column":20}},"154":{"start":{"line":217,"column":9},"end":{"line":217,"column":27}},"155":{"start":{"line":220,"column":2},"end":{"line":222,"column":3}},"156":{"start":{"line":221,"column":4},"end":{"line":221,"column":33}},"157":{"start":{"line":227,"column":0},"end":{"line":268,"column":1}},"158":{"start":{"line":228,"column":2},"end":{"line":228,"column":29}},"159":{"start":{"line":229,"column":2},"end":{"line":229,"column":30}},"160":{"start":{"line":230,"column":2},"end":{"line":230,"column":17}},"161":{"start":{"line":232,"column":2},"end":{"line":249,"column":3}},"162":{"start":{"line":233,"column":4},"end":{"line":236,"column":5}},"163":{"start":{"line":234,"column":6},"end":{"line":234,"column":15}},"164":{"start":{"line":235,"column":6},"end":{"line":235,"column":12}},"165":{"start":{"line":238,"column":4},"end":{"line":238,"column":37}},"166":{"start":{"line":238,"column":16},"end":{"line":238,"column":37}},"167":{"start":{"line":240,"column":4},"end":{"line":248,"column":6}},"168":{"start":{"line":241,"column":6},"end":{"line":241,"column":29}},"169":{"start":{"line":241,"column":15},"end":{"line":241,"column":29}},"170":{"start":{"line":242,"column":6},"end":{"line":247,"column":8}},"171":{"start":{"line":243,"column":8},"end":{"line":243,"column":31}},"172":{"start":{"line":243,"column":17},"end":{"line":243,"column":31}},"173":{"start":{"line":244,"column":8},"end":{"line":244,"column":27}},"174":{"start":{"line":245,"column":8},"end":{"line":245,"column":33}},"175":{"start":{"line":245,"column":26},"end":{"line":245,"column":33}},"176":{"start":{"line":246,"column":8},"end":{"line":246,"column":22}},"177":{"start":{"line":251,"column":2},"end":{"line":256,"column":3}},"178":{"start":{"line":252,"column":4},"end":{"line":252,"column":21}},"179":{"start":{"line":252,"column":15},"end":{"line":252,"column":21}},"180":{"start":{"line":253,"column":4},"end":{"line":253,"column":17}},"181":{"start":{"line":254,"column":4},"end":{"line":254,"column":15}},"182":{"start":{"line":255,"column":4},"end":{"line":255,"column":15}},"183":{"start":{"line":258,"column":2},"end":{"line":258,"column":21}},"184":{"start":{"line":259,"column":2},"end":{"line":259,"column":17}},"185":{"start":{"line":261,"column":2},"end":{"line":261,"column":25}},"186":{"start":{"line":263,"column":2},"end":{"line":265,"column":4}},"187":{"start":{"line":264,"column":4},"end":{"line":264,"column":35}},"188":{"start":{"line":267,"column":2},"end":{"line":267,"column":11}},"189":{"start":{"line":271,"column":0},"end":{"line":295,"column":1}},"190":{"start":{"line":272,"column":2},"end":{"line":272,"column":22}},"191":{"start":{"line":272,"column":13},"end":{"line":272,"column":22}},"192":{"start":{"line":273,"column":2},"end":{"line":275,"column":3}},"193":{"start":{"line":274,"column":4},"end":{"line":274,"column":29}},"194":{"start":{"line":276,"column":2},"end":{"line":276,"column":52}},"195":{"start":{"line":276,"column":17},"end":{"line":276,"column":52}},"196":{"start":{"line":278,"column":2},"end":{"line":278,"column":17}},"197":{"start":{"line":279,"column":2},"end":{"line":279,"column":29}},"198":{"start":{"line":280,"column":2},"end":{"line":280,"column":29}},"199":{"start":{"line":282,"column":2},"end":{"line":288,"column":4}},"200":{"start":{"line":290,"column":2},"end":{"line":292,"column":3}},"201":{"start":{"line":291,"column":4},"end":{"line":291,"column":27}},"202":{"start":{"line":294,"column":2},"end":{"line":294,"column":37}},"203":{"start":{"line":297,"column":0},"end":{"line":300,"column":1}},"204":{"start":{"line":299,"column":2},"end":{"line":299,"column":30}},"205":{"start":{"line":302,"column":0},"end":{"line":312,"column":1}},"206":{"start":{"line":303,"column":2},"end":{"line":306,"column":3}},"207":{"start":{"line":304,"column":4},"end":{"line":304,"column":13}},"208":{"start":{"line":305,"column":4},"end":{"line":305,"column":13}},"209":{"start":{"line":307,"column":2},"end":{"line":307,"column":20}},"210":{"start":{"line":307,"column":11},"end":{"line":307,"column":20}},"211":{"start":{"line":308,"column":2},"end":{"line":311,"column":4}},"212":{"start":{"line":309,"column":4},"end":{"line":310,"column":27}},"213":{"start":{"line":309,"column":13},"end":{"line":309,"column":20}},"214":{"start":{"line":310,"column":9},"end":{"line":310,"column":27}},"215":{"start":{"line":314,"column":0},"end":{"line":570,"column":1}},"216":{"start":{"line":316,"column":2},"end":{"line":319,"column":3}},"217":{"start":{"line":317,"column":4},"end":{"line":317,"column":13}},"218":{"start":{"line":318,"column":4},"end":{"line":318,"column":13}},"219":{"start":{"line":320,"column":2},"end":{"line":320,"column":20}},"220":{"start":{"line":320,"column":11},"end":{"line":320,"column":20}},"221":{"start":{"line":321,"column":2},"end":{"line":321,"column":22}},"222":{"start":{"line":321,"column":13},"end":{"line":321,"column":22}},"223":{"start":{"line":324,"column":2},"end":{"line":324,"column":78}},"224":{"start":{"line":324,"column":25},"end":{"line":324,"column":78}},"225":{"start":{"line":324,"column":63},"end":{"line":324,"column":76}},"226":{"start":{"line":326,"column":2},"end":{"line":326,"column":17}},"227":{"start":{"line":327,"column":2},"end":{"line":327,"column":30}},"228":{"start":{"line":328,"column":2},"end":{"line":328,"column":15}},"229":{"start":{"line":330,"column":2},"end":{"line":330,"column":19}},"230":{"start":{"line":331,"column":2},"end":{"line":331,"column":24}},"231":{"start":{"line":332,"column":2},"end":{"line":332,"column":15}},"232":{"start":{"line":335,"column":2},"end":{"line":335,"column":28}},"233":{"start":{"line":336,"column":2},"end":{"line":338,"column":3}},"234":{"start":{"line":337,"column":4},"end":{"line":337,"column":25}},"235":{"start":{"line":341,"column":2},"end":{"line":343,"column":4}},"236":{"start":{"line":342,"column":4},"end":{"line":342,"column":42}},"237":{"start"
[...]
"end":{"line":22,"column":43}},{"start":{"line":22,"column":46},"end":{"line":22,"column":59}}]},"4":{"line":23,"type":"cond-expr","locations":[{"start":{"line":23,"column":26},"end":{"line":23,"column":43}},{"start":{"line":23,"column":46},"end":{"line":23,"column":59}}]},"5":{"line":24,"type":"cond-expr","locations":[{"start":{"line":24,"column":35},"end":{"line":24,"column":48}},{"start":{"line":24,"column":51},"end":{"line":24,"column":73}}]},"6":{"line":25,"type":"binary-expr","locations":[{"start":{"line":25,"column":18},"end":{"line":25,"column":30}},{"start":{"line":25,"column":34},"end":{"line":25,"column":38}}]},"7":{"line":48,"type":"if","locations":[{"start":{"line":48,"column":2},"end":{"line":48,"column":2}},{"start":{"line":48,"column":2},"end":{"line":48,"column":2}}]},"8":{"line":50,"type":"binary-expr","locations":[{"start":{"line":50,"column":6},"end":{"line":50,"column":33}},{"start":{"line":50,"column":37},"end":{"line":50,"column":41}}]},"9":{"line":54,"type":"binary-expr","locations":[{"start":{"line":54,"column":12},"end":{"line":54,"column":30}},{"start":{"line":54,"column":34},"end":{"line":54,"column":36}}]},"10":{"line":55,"type":"cond-expr","locations":[{"start":{"line":55,"column":61},"end":{"line":55,"column":63}},{"start":{"line":55,"column":66},"end":{"line":55,"column":104}}]},"11":{"line":94,"type":"if","locations":[{"start":{"line":94,"column":4},"end":{"line":94,"column":4}},{"start":{"line":94,"column":4},"end":{"line":94,"column":4}}]},"12":{"line":107,"type":"switch","locations":[{"start":{"line":108,"column":4},"end":{"line":108,"column":53}},{"start":{"line":109,"column":4},"end":{"line":109,"column":47}},{"start":{"line":110,"column":4},"end":{"line":110,"column":47}},{"start":{"line":111,"column":4},"end":{"line":111,"column":48}}]},"13":{"line":123,"type":"switch","locations":[{"start":{"line":124,"column":4},"end":{"line":126,"column":52}},{"start":{"line":128,"column":4},"end":{"line":130,"column":47}},{"start":{"line":132,"column":4},"end":{"line":134,"column":47}},{"start":{"line":136,"column":4},"end":{"line":138,"column":96}},{"start":{"line":140,"column":4},"end":{"line":142,"column":47}},{"start":{"line":144,"column":4},"end":{"line":146,"column":47}}]},"14":{"line":126,"type":"binary-expr","locations":[{"start":{"line":126,"column":13},"end":{"line":126,"column":44}},{"start":{"line":126,"column":48},"end":{"line":126,"column":52}}]},"15":{"line":130,"type":"binary-expr","locations":[{"start":{"line":130,"column":13},"end":{"line":130,"column":39}},{"start":{"line":130,"column":43},"end":{"line":130,"column":47}}]},"16":{"line":134,"type":"binary-expr","locations":[{"start":{"line":134,"column":13},"end":{"line":134,"column":39}},{"start":{"line":134,"column":43},"end":{"line":134,"column":47}}]},"17":{"line":138,"type":"cond-expr","locations":[{"start":{"line":138,"column":29},"end":{"line":138,"column":57}},{"start":{"line":138,"column":61},"end":{"line":138,"column":95}}]},"18":{"line":138,"type":"binary-expr","locations":[{"start":{"line":138,"column":61},"end":{"line":138,"column":87}},{"start":{"line":138,"column":91},"end":{"line":138,"column":95}}]},"19":{"line":142,"type":"binary-expr","locations":[{"start":{"line":142,"column":13},"end":{"line":142,"column":39}},{"start":{"line":142,"column":43},"end":{"line":142,"column":47}}]},"20":{"line":146,"type":"binary-expr","locations":[{"start":{"line":146,"column":13},"end":{"line":146,"column":39}},{"start":{"line":146,"column":43},"end":{"line":146,"column":47}}]}},"code":["var Duplexify = require('duplexify')","var util = require('util')","var lpstream = require('length-prefixed-stream')","var through = require('through2')","var debug = require('debug')('hyperlog-replicate')","var messages = require('./messages')","","var empty = {","  encodingLength: function () {","    return 0","  },","  encode: function (data, buf, offset) {","    return buf","  }","}","","var Protocol = function (opts) {","  if (!(this instanceof Protocol)) return new Protocol(opts)","","  var frame = !opts || opts.frame !== false","","  this._encoder = frame ? lpstream.encode() : through.obj()","  this._decoder = frame ? lpstream.decode() : through.obj()","  this._finalize = opts.finalize ? opts.finalize : function (cb) { cb() }","  this._process = opts.process || null","","  var self = this","  var parse = through.obj(function (data, enc, cb) {","    self._decode(data, cb)","  })","","  parse.on('error', function (err) {","    self.destroy(err)","  })","","  this.on('end', function () {","    debug('ended')","    self.end()","  })","","  this.on('finish', function () {","    debug('finished')","    self.finalize()","  })","","  this._decoder.pipe(parse)","","  if (this._process) {","    this._process.pipe(through.obj(function (node, enc, cb) {","      self.emit('node', node, cb) || cb()","    }))","  }","","  var hwm = opts.highWaterMark || 16","  Duplexify.call(this, this._decoder, this._encoder, frame ? {} : {objectMode: true, highWaterMark: hwm})","}","","util.inherits(Protocol, Duplexify)","","Protocol.prototype.handshake = function (handshake, cb) {","  debug('sending handshake')","  this._encode(0, messages.Handshake, handshake, cb)","}","","Protocol.prototype.have = function (have, cb) {","  debug('sending have')","  this._encode(1, messages.Log, have, cb)","}","","Protocol.prototype.want = function (want, cb) {","  debug('sending want')","  this._encode(2, messages.Log, want, cb)","}","","Protocol.prototype.node = function (node, cb) {","  debug('sending node')","  this._encode(3, messages.Node, node, cb)","}","","Protocol.prototype.sentHeads = function (cb) {","  debug('sending sentHeads')","  this._encode(4, empty, null, cb)","}","","Protocol.prototype.sentWants = function (cb) {","  debug('sending sentWants')","  this._encode(5, empty, null, cb)","}","","Protocol.prototype.finalize = function (cb) {","  var self = this","  this._finalize(function (err) {","    debug('ending')","    if (err) return self.destroy(err)","    self._encoder.end(cb)","  })","}","","Protocol.prototype._encode = function (type, enc, data, cb) {","  var buf = new Buffer(enc.encodingLength(data) + 1)","  buf[0] = type","  enc.encode(data, buf, 1)","  this._encoder.write(buf, cb)","}","","var decodeMessage = function (data) {","  switch (data[0]) {","    case 0: return messages.Handshake.decode(data, 1)","    case 1: return messages.Log.decode(data, 1)","    case 2: return messages.Log.decode(data, 1)","    case 3: return messages.Node.decode(data, 1)","  }","  return null","}","","Protocol.prototype._decode = function (data, cb) {","  try {","    var msg = decodeMessage(data)","  } catch (err) {","    return cb(err)","  }","","  switch (data[0]) {","    case 0:","      debug('receiving handshake')","      return this.emit('handshake', msg, cb) || cb()","","    case 1:","      debug('receiving have')","      return this.emit('have', msg, cb) || cb()","","    case 2:","      debug('receiving want')","      return this.emit('want', msg, cb) || cb()","","    case 3:","      debug('receiving node')","      return this._process ? this._process.write(msg, cb) : (this.emit('node', msg, cb) || cb())","","    case 4:","      debug('receiving sentHeads')","      return this.emit('sentHeads', cb) || cb()","","    case 5:","      debug('receiving sentWants')","      return this.emit('sentWants', cb) || cb()","  }","","  cb()","}","","module.exports = Protocol",""],"l":{"1":1,"2":1,"3":1,"4":1,"5":1,"6":1,"8":1,"10":0,"13":0,"17":1,"18":0,"20":0,"22":0,"23":0,"24":0,"25":0,"27":0,"28":0,"29":0,"32":0,"33":0,"36":0,"37":0,"38":0,"41":0,"42":0,"43":0,"46":0,"48":0,"49":0,"50":0,"54":0,"55":0,"58":1,"60":1,"61":0,"62":0,"65":1,"66":0,"67":0,"70":1,"71":0,"72":0,"75":1,"76":0,"77":0,"80":1,"81":0,"82":0,"85":1,"86":0,"87":0,"90":1,"91":0,"92":0,"93":0,"94":0,"95":0,"99":1,"100":0,"101":0,"102":0,"103":0,"106":1,"107":0,"108":0,"109":0,"110":0,"111":0,"113":0,"116":1,"117":0,"118":0,"120":0,"123":0,"125":0,"126":0,"129":0,"130":0,"133":0,"134":0,"137":0,"138":0,"141":0,"142":0,"145":0,"146":0,"149":0,"152":1}},"/home/travis/build/npmtest/node-npmtest-hyperlog/node_modules/hyperlog/lib/messages.js":{"path":"/home/travis/build/npmtest/node-npmtest-hyperlog/node_modules/hyperlog/lib/messages.js","s":{"1":1,"2":1,"3":1,"4":1},"b":{},"f":{},"fnMap":{},"statementMap":{"1":{"start":{"line":1,"column":0},"end":{"line":1,"column":42}},"2":{"start":{"line":2,"column":0},"end":{"line":2,"column":22}},"3":{"start":{"line":3,"column":0},"end":{"line":3,"column":26}},"4":{"start":{"line":5,"column":0},"end":{"line":5,"column":95}}},"branchMap":{},"code":["var protobuf = require('protocol-buffers')","var fs = require('fs')","var path = require('path')","","module.exports = protobuf(fs.readFileSync(path.join(__dirname, '..', 'schema.proto'), 'utf-8'))",""],"l":{"1":1,"2":1,"3":1,"5":1}},"/home/travis/build/npmtest/node-npmtest-hyperlog/node_modules/hyperlog/lib/sorted-queue.js":{"path":"/home/travis/build/npmtest/node-npmtest-hyperlog/node_modules/hyperlog/lib/sorted-queue.js","s":{"1":1,"2":0,"3":0,"4":0,"5":0,"6":0,"7":1,"8":0,"9":0,"10":0,"11":0,"12":0,"13":0,"14":0,"15":0,"16":0,"17":1,"18":0,"19":0,"20":0,"21":0,"22":0,"23":0,"24":0,"25":1,"26":0,"27":0,"28":0,"29":0,"30":0,"31":0,"32":0,"33":0,"34":0,"35":1},"b":{"1":[0,0],"2":[0,0],"3":[0,0],"4":[0,0],"5":[0,0],"6":[0,0]},"f":{"1":0,"2":0,"3":0,"4":0},"fnMap":{"1":{"name":"(anonymous_1)","line":5,"loc":{"start":{"line":5,"column":18},"end":{"line":5,"column":30}}},"2":{"name":"(anonymous_2)","line":12,"loc":{"start":{"line":12,"column":29},"end":{"line":12,"column":50}}},"3":{"name":"(anonymous_3)","line":22,"loc":{"start":{"line":22,"column":29},"end":{"line":22,"column":43}}},"4":{"name":"indexOf","line":36,"loc":{"start":{"line":36,"column":0},"end":{"line":36,"column":32}}}},"statementMap":{"1":{"start":{"line":5,"column":0},"end":{"line":10,"column":1}},"2":{"start":{"line":6,"column":2},"end":{"line":6,"column":62}},"3":{"start":{"line":6,"column":38},"end":{"line":6,"column":62}},"4":{"start":{"line":7,"column":2},"end":{"line":7,"column":16}},"5":{"start":{"line":8,"column":2},"end":{"line":8,"column":18}},"6":{"start":{"line":9,"column":2},"end":{"line":9,"column":17}},"7":{"start":{"line":12,"column":0},"end":{"line":20,"column":1}},"8":{"start":{"line":13,"column":2},"end":{"line":13,"column":42}},"9":{"start":{"line":14,"column":2},"end":{"line":15,"column":36}},"10":{"start":{"line":14,"column":30},"end":{"line":14,"column":51}},"11":{"start":{"line":15,"column":7},"end":{"line":15,"column":36}},"12":{"start":{"line":16,"column":2},"end":{"line":16,"column":15}},"13":{"start":{"line":18,"column":2},"end":{"line":18,"column":37}},"14":{"start":{"line":18,"column":17},"end":{"line":18,"column":37}},"15":{"start":{"line":19,"column":2},"end":{"line":19,"column":14}},"16":{"start":{"line":19,"column":10},"end":{"line":19,"column":14}},"17":{"start":{"line":22,"column":0},"end":{"line":34,"column":1}},"18":{"start":{"line":23,"column":2},"end":{"line":26,"column":3}},"19":{"start":{"line":24,"column":4},"end":{"line":24,"column":18}},"20":{"start":{"line":25,"column":4},"end":{"line":25,"column":10}},"21":{"start":{"line":28,"column":2},"end":{"line":28,"column":18}},"22":{"start":{"line":30,"column":2},"end":{"line":30,"column":30}},"23":{"start":{"line":31,"column":2},"end":{"line":31,"column":15}},"24":{"start":{"line":33,"column":2},"end":{"line":33,"column":10}},"25":{"start":{"line":36,"column":0},"end":{"line":48,"column":1}},"26":{"start":{"line":37,"column":2},"end":{"line":37,"column":13}},"27":{"start":{"line":38,"column":2},"end":{"line":38,"column":24}},"28":{"start":{"line":39,"column":2},"end":{"line":39,"column":13}},"29":{"start":{"line":41,"column":2},"end":{"line":45,"column":3}},"30":{"start":{"line":42,"column":4},"end":{"line":42,"column":27}},"31":{"start":{"line":43,"column":4},"end":{"line":44,"column":22}},"32":{"start":{"line":43,"column":35},"end":{"line":43,"column":45}},"33":{"start":{"line":44,"column":9},"end":{"line":44,"column":22}},"34":{"start":{"line":47,"column":2},"end":{"line":47,"column":12}},"35":{"start":{"line":50,"column":0},"end":{"line":50,"column":28}}},"branchMap":{"1":{"line":6,"type":"if","locations":[{"start":{"line":6,"column":2},"end":{"line":6,"column":2}},{"start":{"line":6,"column":2},"end":{"line":6,"column":2}}]},"2":{"line":14,"type":"if","locations":[{"start":{"line":14,"column":2},"end":{"line":14,"column":2}},{"start":{"line":14,"column":2},"end":{"line":14,"column":2}}]},"3":{"line":18,"type":"if","locations":[{"start":{"line":18,"column":2},"end":{"line":18,"column":2}},{"start":{"line":18,"column":2},"end":{"line":18,"column":2}}]},"4":{"line":19,"type":"if","locations":[{"start":{"line":19,"column":2},"end":{"line":19,"column":2}},{"start":{"line":19,"column":2},"end":{"line":19,"column":2}}]},"5":{"line":23,"type":"if","locations":[{"start":{"line":23,"column":2},"end":{"line":23,"column":2}},{"start":{"line":23,"column":2},"end":{"line":23,"column":2}}]},"6":{"line":43,"type":"if","locations":[{"start":{"line":43,"column":4},"end":{"line":43,"column":4}},{"start":{"line":43,"column":4},"end":{"line":43,"column":4}}]}},"code":["// A queue of hyperlog nodes that is sorted by the nodes' change #. The node","// with the lowest change # will be the first dequeued.","//","// TODO: buffer to leveldb if the queue becomes large","var SortedQueue = function () {","  if (!(this instanceof SortedQueue)) return new SortedQueue()","  this.list = []","  this.wait = null","  this.length = 0","}","","SortedQueue.prototype.push = function (entry, cb) {","  var i = indexOf(this.list, entry.change)","  if (i === this.list.length) this.list.push(entry)","  else this.list.splice(i, 0, entry)","  this.length++","","  if (this.wait) this.pull(this.wait)","  if (cb) cb()","}","","SortedQueue.prototype.pull = function (cb) {","  if (!this.list.length) {","    this.wait = cb","    return","  }","","  this.wait = null","","  var next = this.list.shift()","  this.length--","","  cb(next)","}","","function indexOf (list, change) {","  var low = 0","  var high = list.length","  var mid = 0","","  while (low < high) {","    mid = (low + high) >> 1","    if (change < list[mid].change) high = mid","    else low = mid + 1","  }","","  return low","}","","module.exports = SortedQueue",""],"l":{"5":1,"6":0,"7":0,"8":0,"9":0,"12":1,"13":0,"14":0,"15":0,"16":0,"18":0,"19":0,"22":1,"23":0,"24":0,"25":0,"28":0,"30":0,"31":0,"33":0,"36":1,"37":0,"38":0,"39":0,"41":0,"42":0,"43":0,"44":0,"47":0,"50":1}},"/home/travis/build/npmtest/node-npmtest-hyperlog/node_modules/hyperlog/lib/encode.js":{"path":"/home/travis/build/npmtest/node-npmtest-hyperlog/node_modules/hyperlog/lib/encode.js","s":{"1":1,"2":0,"3":0,"4":0,"5":0,"6":0,"7":0,"8":0,"9":1,"10":0,"11":0,"12":0,"13":0,"14":0,"15":0,"16":0},"b":{"1":[0,0],"2":[0,0],"3":[0,0],"4":[0,0],"5":[0,0],"6":[0,0],"7":[0,0],"8":[0,0],"9":[0,0]},"f":{"1":0,"2":0},"fnMap":{"1":{"name":"(anonymous_1)","line":1,"loc":{"start":{"line":1,"column":17},"end":{"line":1,"column":39}}},"2":{"name":"(anonymous_2)","line":11,"loc":{"start":{"line":11,"column":17},"end":{"line":11,"column":39}}}},"statementMap":{"1":{"start":{"line":1,"column":0},"end":{"line":9,"column":1}},"2":{"start":{"line":2,"column":2},"end":{"line":6,"column":3}},"3":{"start":{"line":3,"column":4},"end":{"line":3,"column":29}},"4":{"start":{"line":4,"column":9},"end":{"line":6,"column":3}},"5":{"start":{"line":5,"column":4},"end":{"line":5,"column":41}},"6":{"start":{"line":7,"column":2},"end":{"line":7,"column":58}},"7":{"start":{"line":7,"column":33},"end":{"line":7,"column":58}},"8":{"start":{"line":8,"column":2},"end":{"line":8,"column":14}},"9":{"start":{"line":11,"column":0},"end":{"line":20,"column":1}},"10":{"start":{"line":12,"column":2},"end":{"line":18,"column":3}},"11":{"start":{"line":13,"column":4},"end":{"line":13,"column":28}},"12":{"start":{"line":14,"column":9},"end":{"line":18,"column":3}},"13":{"start":{"line":15,"column":4},"end":{"line":15,"column":39}},"14":{"start":{"line":16,"column":9},"end":{"line":18,"column":3}},"15":{"start":{"line":17,"column":4},"end":{"line":17,"column":27}},"16":{"start":{"line":19,"column":2},"end":{"line":19,"column":14}}},"branchMap":{"1":{"line":2,"type":"if","locations":[{"start":{"line":2,"column":2},"end":{"line":2,"column":2}},{"start":{"line":2,"column":2},"end":{"line":2,"column":2}}]},"2":{"line":2,"type":"binary-expr","locations":[{"start":{"line":2,"column":6},"end":{"line":2,"column":29}},{"start":{"line":2,"column":33},"end":{"line":2,"column":43}}]},"3":{"line":4,"type":"if","locations":[{"start":{"line":4,"column":9},"end":{"line":4,"column":9}},{"start":{"line":4,"column":9},"end":{"line":4,"column":9}}]},"4":{"line":7,"type":"if","locations":[{"start":{"line":7,"column":2},"end":{"line":7,"column":2}},{"start":{"line":7,"column":2},"end":{"line":7,"column":2}}]},"5":{"line":12,"type":"if","locations":[{"start":{"line":12,"column":2},"end":{"line":12,"column":2}},{"start":{"line":12,"column":2},"end":{"line":12,"column":2}}]},"6":{"line":12,"type":"binary-expr","locations":[{"start":{"line":12,"column":6},"end":{"line":12,"column":29}},{"start":{"line":12,"column":33},"end":{"line":12,"column":43}}]},"7":{"line":14,"type":"if","locations":[{"start":{"line":14,"column":9},"end":{"line":14,"column":9}},{"start":{"line":14,"column":9},"end":{"line":14,"column":9}}]},"8":{"line":16,"type":"if","locations":[{"start":{"line":16,"column":9},"end":{"line":16,"column":9}},{"start":{"line":16,"column":9},"end":{"line":16,"column":9}}]},"9":{"line":16,"type":"binary-expr","locations":[{"start":{"line":16,"column":13},"end":{"line":16,"column":28}},{"start":{"line":16,"column":32},"end":{"line":16,"column":46}}]}},"code":["exports.encode = function (value, enc) {","  if (typeof enc === 'object' && enc.encode) {","    value = enc.encode(value)","  } else if (enc === 'json') {","    value = Buffer(JSON.stringify(value))","  }","  if (typeof value === 'string') value = new Buffer(value)","  return value","}","","exports.decode = function (value, enc) {","  if (typeof enc === 'object' && enc.decode) {","    return enc.decode(value)","  } else if (enc === 'json') {","    return JSON.parse(value.toString())","  } else if (enc === 'utf-8' || enc === 'utf8') {","    return value.toString()","  }","  return value","}",""],"l":{"1":1,"2":0,"3":0,"4":0,"5":0,"7":0,"8":0,"11":1,"12":0,"13":0,"14":0,"15":0,"16":0,"17":0,"19":0}},"/home/travis/build/npmtest/node-npmtest-hyperlog/node_modules/hyperlog/lib/hash.js":{"path":"/home/travis/build/npmtest/node-npmtest-hyperlog/node_modules/hyperlog/lib/hash.js","s":{"1":1,"2":1,"3":1,"4":0,"5":0,"6":0,"7":0,"8":0},"b":{"1":[0,0]},"f":{"1":0},"fnMap":{"1":{"name":"(anonymous_1)","line":4,"loc":{"start":{"line":4,"column":17},"end":{"line":4,"column":41}}}},"statementMap":{"1":{"start":{"line":1,"column":0},"end":{"line":1,"column":39}},"2":{"start":{"line":2,"column":0},"end":{"line":2,"column":25}},"3":{"start":{"line":4,"column":0},"end":{"line":9,"column":1}},"4":{"start":{"line":5,"column":2},"end":{"line":5,"column":33}},"5":{"start":{"line":6,"column":2},"end":{"line":6,"column":62}},"6":{"start":{"line":6,"column":41},"end":{"line":6,"column":62}},"7":{"start":{"line":7,"column":2},"end":{"line":7,"column":29}},"8":{"start":{"line":8,"column":2},"end":{"line":8,"column":27}}},"branchMap":{"1":{"line":7,"type":"binary-expr","locations":[{"start":{"line":7,"column":14},"end":{"line":7,"column":19}},{"start":{"line":7,"column":23},"end":{"line":7,"column":28}}]}},"code":["var framedHash = require('framed-hash')","var empty = new Buffer(0)","","module.exports = function (links, value) {","  var hash = framedHash('sha256')","  for (var i = 0; i < links.length; i++) hash.update(links[i])","  hash.update(value || empty)","  return hash.digest('hex')","}",""],"l":{"1":1,"2":1,"4":1,"5":0,"6":0,"7":0,"8":0}}}